;  LST file generated by mikroListExporter - v.2.0 
; Date/Time: 12/19/2021 11:22:10 PM
;----------------------------------------------

;Address Opcode 	ASM
0x0000	0xF006EFF1  	GOTO        3554
0x0004	0x0000      	NOP
0x0006	0x0000      	NOP
0x0008	0xF000EF00  	GOTO        0
0x000C	0x0000      	NOP
0x000E	0x0000      	NOP
0x0010	0x0000      	NOP
0x0012	0x0000      	NOP
0x0014	0x0000      	NOP
0x0016	0x0000      	NOP
0x0018	0xD7F3      	BRA         0
_Delay_5500us:
0x001C	0x0E0F      	MOVLW       15
0x001E	0x6E0C      	MOVWF       R12, 0
0x0020	0x0E47      	MOVLW       71
0x0022	0x6E0D      	MOVWF       R13, 0
L_Delay_5500us5:
0x0024	0x2E0D      	DECFSZ      R13, 1, 0
0x0026	0xD7FE      	BRA         L_Delay_5500us5
0x0028	0x2E0C      	DECFSZ      R12, 1, 0
0x002A	0xD7FC      	BRA         L_Delay_5500us5
0x002C	0x0000      	NOP
0x002E	0x0000      	NOP
L_end_Delay_5500us:
0x0030	0x0012      	RETURN      0
; end of _Delay_5500us
_Delay_1us:
0x0032	0x0000      	NOP
0x0034	0x0000      	NOP
L_end_Delay_1us:
0x0036	0x0012      	RETURN      0
; end of _Delay_1us
_Delay_50us:
0x0038	0x0E21      	MOVLW       33
0x003A	0x6E0D      	MOVWF       R13, 0
L_Delay_50us2:
0x003C	0x2E0D      	DECFSZ      R13, 1, 0
0x003E	0xD7FE      	BRA         L_Delay_50us2
L_end_Delay_50us:
0x0040	0x0012      	RETURN      0
; end of _Delay_50us
_RES032:
0x0042	0x6A02      	CLRF        R2, 0
0x0044	0x6A01      	CLRF        R1, 0
0x0046	0x6A00      	CLRF        R0, 0
0x0048	0x6A08      	CLRF        R8, 0
0x004A	0x6A03      	CLRF        R3, 0
0x004C	0x0E00      	MOVLW       0
L_end_RES032:
0x004E	0x0012      	RETURN      0
; end of _RES032
_SETFUN32:
0x0050	0x840B      	BSF         R11, 2, 0
0x0052	0xAE0B      	BTFSS       R11, 7, 0
0x0054	0xF000EF33  	GOTO        SETFUN32EEE
0x0058	0x0E01      	MOVLW       1
0x005A	0x6E03      	MOVWF       R3, 0
0x005C	0x6A02      	CLRF        R2, 0
0x005E	0x6A01      	CLRF        R1, 0
0x0060	0x6A00      	CLRF        R0, 0
0x0062	0x360A      	RLCF        R10, 1, 0
0x0064	0x3202      	RRCF        R2, 1, 0
SETFUN32EEE:
0x0066	0x0EFF      	MOVLW       255
L_end_SETFUN32:
0x0068	0x0012      	RETURN      0
; end of _SETFUN32
_FIXSIGN32:
0x006A	0xAE0A      	BTFSS       R10, 7, 0
0x006C	0x9E02      	BCF         R2, 7, 0
0x006E	0x0E00      	MOVLW       0
L_end_FIXSIGN32:
0x0070	0x0012      	RETURN      0
; end of _FIXSIGN32
_Lcd_Cmd:
0x0072	0xBE69      	BTFSC       FARG_Lcd_Cmd_out_char, 7 
0x0074	0xD002      	BRA         L__Lcd_Cmd21
0x0076	0x9E8C      	BCF         LCD_D7, BitPos(LCD_D7+0) 
0x0078	0xD001      	BRA         L__Lcd_Cmd22
L__Lcd_Cmd21:
0x007A	0x8E8C      	BSF         LCD_D7, BitPos(LCD_D7+0) 
L__Lcd_Cmd22:
0x007C	0xBC69      	BTFSC       FARG_Lcd_Cmd_out_char, 6 
0x007E	0xD002      	BRA         L__Lcd_Cmd23
0x0080	0x9C8C      	BCF         LCD_D6, BitPos(LCD_D6+0) 
0x0082	0xD001      	BRA         L__Lcd_Cmd24
L__Lcd_Cmd23:
0x0084	0x8C8C      	BSF         LCD_D6, BitPos(LCD_D6+0) 
L__Lcd_Cmd24:
0x0086	0xBA69      	BTFSC       FARG_Lcd_Cmd_out_char, 5 
0x0088	0xD002      	BRA         L__Lcd_Cmd25
0x008A	0x9A8C      	BCF         LCD_D5, BitPos(LCD_D5+0) 
0x008C	0xD001      	BRA         L__Lcd_Cmd26
L__Lcd_Cmd25:
0x008E	0x8A8C      	BSF         LCD_D5, BitPos(LCD_D5+0) 
L__Lcd_Cmd26:
0x0090	0xB869      	BTFSC       FARG_Lcd_Cmd_out_char, 4 
0x0092	0xD002      	BRA         L__Lcd_Cmd27
0x0094	0x988C      	BCF         LCD_D4, BitPos(LCD_D4+0) 
0x0096	0xD001      	BRA         L__Lcd_Cmd28
L__Lcd_Cmd27:
0x0098	0x888C      	BSF         LCD_D4, BitPos(LCD_D4+0) 
L__Lcd_Cmd28:
0x009A	0xB020      	BTFSC       __Lib_Lcd_cmd_status, BitPos(__Lib_Lcd_cmd_status+0) 
0x009C	0xD002      	BRA         L__Lcd_Cmd29
0x009E	0x848D      	BSF         LCD_RS, BitPos(LCD_RS+0) 
0x00A0	0xD001      	BRA         L__Lcd_Cmd30
L__Lcd_Cmd29:
0x00A2	0x948D      	BCF         LCD_RS, BitPos(LCD_RS+0) 
L__Lcd_Cmd30:
0x00A4	0x828D      	BSF         LCD_EN, BitPos(LCD_EN+0) 
0x00A6	0xDFC5      	RCALL       _Delay_1us
0x00A8	0x928D      	BCF         LCD_EN, BitPos(LCD_EN+0) 
0x00AA	0xB669      	BTFSC       FARG_Lcd_Cmd_out_char, 3 
0x00AC	0xD002      	BRA         L__Lcd_Cmd31
0x00AE	0x9E8C      	BCF         LCD_D7, BitPos(LCD_D7+0) 
0x00B0	0xD001      	BRA         L__Lcd_Cmd32
L__Lcd_Cmd31:
0x00B2	0x8E8C      	BSF         LCD_D7, BitPos(LCD_D7+0) 
L__Lcd_Cmd32:
0x00B4	0xB469      	BTFSC       FARG_Lcd_Cmd_out_char, 2 
0x00B6	0xD002      	BRA         L__Lcd_Cmd33
0x00B8	0x9C8C      	BCF         LCD_D6, BitPos(LCD_D6+0) 
0x00BA	0xD001      	BRA         L__Lcd_Cmd34
L__Lcd_Cmd33:
0x00BC	0x8C8C      	BSF         LCD_D6, BitPos(LCD_D6+0) 
L__Lcd_Cmd34:
0x00BE	0xB269      	BTFSC       FARG_Lcd_Cmd_out_char, 1 
0x00C0	0xD002      	BRA         L__Lcd_Cmd35
0x00C2	0x9A8C      	BCF         LCD_D5, BitPos(LCD_D5+0) 
0x00C4	0xD001      	BRA         L__Lcd_Cmd36
L__Lcd_Cmd35:
0x00C6	0x8A8C      	BSF         LCD_D5, BitPos(LCD_D5+0) 
L__Lcd_Cmd36:
0x00C8	0xB069      	BTFSC       FARG_Lcd_Cmd_out_char, 0 
0x00CA	0xD002      	BRA         L__Lcd_Cmd37
0x00CC	0x988C      	BCF         LCD_D4, BitPos(LCD_D4+0) 
0x00CE	0xD001      	BRA         L__Lcd_Cmd38
L__Lcd_Cmd37:
0x00D0	0x888C      	BSF         LCD_D4, BitPos(LCD_D4+0) 
L__Lcd_Cmd38:
0x00D2	0xB020      	BTFSC       __Lib_Lcd_cmd_status, BitPos(__Lib_Lcd_cmd_status+0) 
0x00D4	0xD002      	BRA         L__Lcd_Cmd39
0x00D6	0x848D      	BSF         LCD_RS, BitPos(LCD_RS+0) 
0x00D8	0xD001      	BRA         L__Lcd_Cmd40
L__Lcd_Cmd39:
0x00DA	0x948D      	BCF         LCD_RS, BitPos(LCD_RS+0) 
L__Lcd_Cmd40:
0x00DC	0x828D      	BSF         LCD_EN, BitPos(LCD_EN+0) 
0x00DE	0xDFA9      	RCALL       _Delay_1us
0x00E0	0x928D      	BCF         LCD_EN, BitPos(LCD_EN+0) 
0x00E2	0xA020      	BTFSS       __Lib_Lcd_cmd_status, BitPos(__Lib_Lcd_cmd_status+0) 
0x00E4	0xD002      	BRA         L_Lcd_Cmd0
0x00E6	0xDF9A      	RCALL       _Delay_5500us
0x00E8	0xD001      	BRA         L_Lcd_Cmd1
L_Lcd_Cmd0:
0x00EA	0xDFA6      	RCALL       _Delay_50us
L_Lcd_Cmd1:
L_end_Lcd_Cmd:
0x00EC	0x0012      	RETURN      0
; end of _Lcd_Cmd
_SETFOV32:
0x00EE	0x820B      	BSF         R11, 1, 0
0x00F0	0xAE0B      	BTFSS       R11, 7, 0
0x00F2	0xF000EF81  	GOTO        SETFOV32EEE
0x00F6	0x6803      	SETF        R3, 0
0x00F8	0x6802      	SETF        R2, 0
0x00FA	0x6801      	SETF        R1, 0
0x00FC	0x6800      	SETF        R0, 0
0x00FE	0x360A      	RLCF        R10, 1, 0
0x0100	0x3202      	RRCF        R2, 1, 0
SETFOV32EEE:
0x0102	0x0EFF      	MOVLW       255
L_end_SETFOV32:
0x0104	0x0012      	RETURN      0
; end of _SETFOV32
_Lcd_Chr_CP:
0x0106	0x9020      	BCF         __Lib_Lcd_cmd_status, BitPos(__Lib_Lcd_cmd_status+0) 
0x0108	0xF069C065  	MOVFF       FARG_Lcd_Chr_CP_out_char, FARG_Lcd_Cmd_out_char
0x010C	0xDFB2      	RCALL       _Lcd_Cmd
0x010E	0x8020      	BSF         __Lib_Lcd_cmd_status, BitPos(__Lib_Lcd_cmd_status+0) 
L_end_Lcd_Chr_CP:
0x0110	0x0012      	RETURN      0
; end of _Lcd_Chr_CP
_Delay_22us:
0x0112	0x0E0E      	MOVLW       14
0x0114	0x6E0D      	MOVWF       R13, 0
L_Delay_22us1:
0x0116	0x2E0D      	DECFSZ      R13, 1, 0
0x0118	0xD7FE      	BRA         L_Delay_22us1
0x011A	0x0000      	NOP
L_end_Delay_22us:
0x011C	0x0012      	RETURN      0
; end of _Delay_22us
_NRM3232:
0x011E	0x6A0C      	CLRF        R12, 0
0x0120	0x6A0E      	CLRF        R14, 0
0x0122	0x5002      	MOVF        R2, 0, 0
0x0124	0xA4D8      	BTFSS       STATUS, 2, 0
0x0126	0xF000EFA8  	GOTO        NORM3232
0x012A	0xF002C001  	MOVFF       R1, R2
0x012E	0xF001C000  	MOVFF       R0, R1
0x0132	0x6A00      	CLRF        R0, 0
0x0134	0x860E      	BSF         R14, 3, 0
0x0136	0x5002      	MOVF        R2, 0, 0
0x0138	0xA4D8      	BTFSS       STATUS, 2, 0
0x013A	0xF000EFA8  	GOTO        NORM3232
0x013E	0xF002C001  	MOVFF       R1, R2
0x0142	0x6A01      	CLRF        R1, 0
0x0144	0x960E      	BCF         R14, 3, 0
0x0146	0x880E      	BSF         R14, 4, 0
0x0148	0x5002      	MOVF        R2, 0, 0
0x014A	0xB4D8      	BTFSC       STATUS, 2, 0
0x014C	0xF000EFBA  	GOTO        JPNRES032
NORM3232:
0x0150	0x500E      	MOVF        R14, 0, 0
0x0152	0x5E03      	SUBWF       R3, 1, 0
0x0154	0xA4D8      	BTFSS       STATUS, 2, 0
0x0156	0xA0D8      	BTFSS       STATUS, 0, 0
0x0158	0xF000EFBF  	GOTO        JPNSETFUN32
0x015C	0x90D8      	BCF         STATUS, 0, 0
NORM3232A:
0x015E	0xBE02      	BTFSC       R2, 7, 0
0x0160	0xF000EFC4  	GOTO        JMPNFIXSIGN32
0x0164	0x3600      	RLCF        R0, 1, 0
0x0166	0x3601      	RLCF        R1, 1, 0
0x0168	0x3602      	RLCF        R2, 1, 0
0x016A	0x2E03      	DECFSZ      R3, 1, 0
0x016C	0xF000EFAF  	GOTO        NORM3232A
0x0170	0xF000EFBF  	GOTO        JPNSETFUN32
JPNRES032:
0x0174	0x0E01      	MOVLW       1
0x0176	0x6E0C      	MOVWF       R12, 0
0x0178	0xDF64      	RCALL       _RES032
0x017A	0xF000EFC7  	GOTO        NORM32EEE
JPNSETFUN32:
0x017E	0x0E02      	MOVLW       2
0x0180	0x6E0C      	MOVWF       R12, 0
0x0182	0xDF66      	RCALL       _SETFUN32
0x0184	0xF000EFC7  	GOTO        NORM32EEE
JMPNFIXSIGN32:
0x0188	0x0E04      	MOVLW       4
0x018A	0x6E0C      	MOVWF       R12, 0
0x018C	0xDF6E      	RCALL       _FIXSIGN32
NORM32EEE:
L_end_NRM3232:
0x018E	0x0012      	RETURN      0
; end of _NRM3232
_Mul_32x32_FP:
0x0190	0x6A08      	CLRF        R8, 0
0x0192	0x6A09      	CLRF        R9, 0
0x0194	0x0E00      	MOVLW       0
0x0196	0x6207      	CPFSEQ      R7, 0
0x0198	0x6403      	CPFSGT      R3, 0
0x019A	0xF001EF4D  	GOTO        MULJPRES032
0x019E	0x5002      	MOVF        R2, 0, 0
0x01A0	0x1806      	XORWF       R6, 0, 0
0x01A2	0x6E0A      	MOVWF       R10, 0
0x01A4	0x5007      	MOVF        R7, 0, 0
0x01A6	0x2603      	ADDWF       R3, 1, 0
0x01A8	0x0E7E      	MOVLW       126
0x01AA	0xA0D8      	BTFSS       STATUS, 0, 0
0x01AC	0xF000EFDE  	GOTO        MTUN32
0x01B0	0x5E03      	SUBWF       R3, 1, 0
0x01B2	0xB0D8      	BTFSC       STATUS, 0, 0
0x01B4	0xF001EF51  	GOTO        MULJPSETFOV32
0x01B8	0xF000EFE2  	GOTO        MOK32
MTUN32:
0x01BC	0x5E03      	SUBWF       R3, 1, 0
0x01BE	0xA0D8      	BTFSS       STATUS, 0, 0
0x01C0	0xF001EF55  	GOTO        MULJPSETFUN32
MOK32:
0x01C4	0x8E02      	BSF         R2, 7, 0
0x01C6	0x8E06      	BSF         R6, 7, 0
0x01C8	0xF00EC002  	MOVFF       R2, R14
0x01CC	0xF00BC001  	MOVFF       R1, R11
0x01D0	0xF00DC000  	MOVFF       R0, R13
0x01D4	0x5000      	MOVF        R0, 0, 0
0x01D6	0x0204      	MULWF       R4, 0
0x01D8	0xF00CCFF4  	MOVFF       PRODH, R12
0x01DC	0x5001      	MOVF        R1, 0, 0
0x01DE	0x0205      	MULWF       R5, 0
0x01E0	0xF000CFF4  	MOVFF       PRODH, R0
0x01E4	0xF008CFF3  	MOVFF       PRODL, R8
0x01E8	0x0204      	MULWF       R4, 0
0x01EA	0x50F3      	MOVF        PRODL, 0, 0
0x01EC	0x260C      	ADDWF       R12, 1, 0
0x01EE	0x50F4      	MOVF        PRODH, 0, 0
0x01F0	0x2208      	ADDWFC      R8, 1, 0
0x01F2	0x0E00      	MOVLW       0
0x01F4	0x2200      	ADDWFC      R0, 1, 0
0x01F6	0x500D      	MOVF        R13, 0, 0
0x01F8	0x0205      	MULWF       R5, 0
0x01FA	0x50F3      	MOVF        PRODL, 0, 0
0x01FC	0x260C      	ADDWF       R12, 1, 0
0x01FE	0x50F4      	MOVF        PRODH, 0, 0
0x0200	0x2208      	ADDWFC      R8, 1, 0
0x0202	0x0E00      	MOVLW       0
0x0204	0x2200      	ADDWFC      R0, 1, 0
0x0206	0x5002      	MOVF        R2, 0, 0
0x0208	0x0204      	MULWF       R4, 0
0x020A	0x50F3      	MOVF        PRODL, 0, 0
0x020C	0x2608      	ADDWF       R8, 1, 0
0x020E	0x50F4      	MOVF        PRODH, 0, 0
0x0210	0x2200      	ADDWFC      R0, 1, 0
0x0212	0x5002      	MOVF        R2, 0, 0
0x0214	0x0205      	MULWF       R5, 0
0x0216	0x6A01      	CLRF        R1, 0
0x0218	0x0E00      	MOVLW       0
0x021A	0x2201      	ADDWFC      R1, 1, 0
0x021C	0x50F3      	MOVF        PRODL, 0, 0
0x021E	0x2600      	ADDWF       R0, 1, 0
0x0220	0x50F4      	MOVF        PRODH, 0, 0
0x0222	0x2201      	ADDWFC      R1, 1, 0
0x0224	0x500D      	MOVF        R13, 0, 0
0x0226	0x0206      	MULWF       R6, 0
0x0228	0x50F3      	MOVF        PRODL, 0, 0
0x022A	0x2608      	ADDWF       R8, 1, 0
0x022C	0x50F4      	MOVF        PRODH, 0, 0
0x022E	0x2200      	ADDWFC      R0, 1, 0
0x0230	0x6A02      	CLRF        R2, 0
0x0232	0x0E00      	MOVLW       0
0x0234	0x2201      	ADDWFC      R1, 1, 0
0x0236	0x2202      	ADDWFC      R2, 1, 0
0x0238	0x500B      	MOVF        R11, 0, 0
0x023A	0x0206      	MULWF       R6, 0
0x023C	0x50F3      	MOVF        PRODL, 0, 0
0x023E	0x2600      	ADDWF       R0, 1, 0
0x0240	0x50F4      	MOVF        PRODH, 0, 0
0x0242	0x2201      	ADDWFC      R1, 1, 0
0x0244	0x0E00      	MOVLW       0
0x0246	0x2202      	ADDWFC      R2, 1, 0
0x0248	0x500E      	MOVF        R14, 0, 0
0x024A	0x0206      	MULWF       R6, 0
0x024C	0x50F3      	MOVF        PRODL, 0, 0
0x024E	0x2601      	ADDWF       R1, 1, 0
0x0250	0x50F4      	MOVF        PRODH, 0, 0
0x0252	0x2202      	ADDWFC      R2, 1, 0
0x0254	0xBE02      	BTFSC       R2, 7, 0
0x0256	0xF001EF35  	GOTO        MROUND32
0x025A	0x3608      	RLCF        R8, 1, 0
0x025C	0x3600      	RLCF        R0, 1, 0
0x025E	0x3601      	RLCF        R1, 1, 0
0x0260	0x3602      	RLCF        R2, 1, 0
0x0262	0x0603      	DECF        R3, 1, 0
0x0264	0xB4D8      	BTFSC       STATUS, 2, 0
0x0266	0xF001EF55  	GOTO        MULJPSETFUN32
MROUND32:
0x026A	0xF001EF48  	GOTO        MUL32OK
0x026E	0x80D8      	BSF         STATUS, 0, 0
0x0270	0x0E80      	MOVLW       128
0x0272	0x6408      	CPFSGT      R8, 0
0x0274	0x3000      	RRCF        R0, 0, 0
0x0276	0x0E00      	MOVLW       0
0x0278	0x2200      	ADDWFC      R0, 1, 0
0x027A	0x2201      	ADDWFC      R1, 1, 0
0x027C	0x2202      	ADDWFC      R2, 1, 0
0x027E	0xA0D8      	BTFSS       STATUS, 0, 0
0x0280	0xF001EF48  	GOTO        MUL32OK
0x0284	0x3202      	RRCF        R2, 1, 0
0x0286	0x3201      	RRCF        R1, 1, 0
0x0288	0x3200      	RRCF        R0, 1, 0
0x028A	0x4A03      	INFSNZ      R3, 1, 0
0x028C	0xF001EF51  	GOTO        MULJPSETFOV32
MUL32OK:
0x0290	0xAE0A      	BTFSS       R10, 7, 0
0x0292	0x9E02      	BCF         R2, 7, 0
0x0294	0x0E00      	MOVLW       0
0x0296	0xF001EF57  	GOTO        MULEEE
MULJPRES032:
0x029A	0x0E01      	MOVLW       1
0x029C	0xDED2      	RCALL       _RES032
0x029E	0xF001EF57  	GOTO        MULEEE
MULJPSETFOV32:
0x02A2	0x0E02      	MOVLW       2
0x02A4	0xDF24      	RCALL       _SETFOV32
0x02A6	0xF001EF57  	GOTO        MULEEE
MULJPSETFUN32:
0x02AA	0x0E04      	MOVLW       4
0x02AC	0xDED1      	RCALL       _SETFUN32
MULEEE:
L_end_Mul_32x32_FP:
0x02AE	0x0012      	RETURN      0
; end of _Mul_32x32_FP
_strcpy:
0x02B0	0xF004C065  	MOVFF       FARG_strcpy_to, R4
0x02B4	0xF005C066  	MOVFF       FARG_strcpy_to+1, R5
L_strcpy34:
0x02B8	0xF002C004  	MOVFF       R4, R2
0x02BC	0xF003C005  	MOVFF       R5, R3
0x02C0	0x4A04      	INFSNZ      R4, 1 
0x02C2	0x2A05      	INCF        R5, 1 
0x02C4	0xF000C067  	MOVFF       FARG_strcpy_from, R0
0x02C8	0xF001C068  	MOVFF       FARG_strcpy_from+1, R1
0x02CC	0x4A67      	INFSNZ      FARG_strcpy_from, 1 
0x02CE	0x2A68      	INCF        FARG_strcpy_from+1, 1 
0x02D0	0xFFE9C000  	MOVFF       R0, FSR0L
0x02D4	0xFFEAC001  	MOVFF       R1, FSR0H
0x02D8	0xFFE1C002  	MOVFF       R2, FSR1L
0x02DC	0xFFE2C003  	MOVFF       R3, FSR1H
0x02E0	0xFFE6CFEE  	MOVFF       POSTINC0, POSTINC1
0x02E4	0xFFE9C002  	MOVFF       R2, FSR0L
0x02E8	0xFFEAC003  	MOVFF       R3, FSR0H
0x02EC	0x52EE      	MOVF        POSTINC0, 1 
0x02EE	0xE001      	BZ          L_strcpy35
0x02F0	0xD7E3      	BRA         L_strcpy34
L_strcpy35:
0x02F2	0xF000C065  	MOVFF       FARG_strcpy_to, R0
0x02F6	0xF001C066  	MOVFF       FARG_strcpy_to+1, R1
L_end_strcpy:
0x02FA	0x0012      	RETURN      0
; end of _strcpy
_Compare_Double:
0x02FC	0x6A0A      	CLRF        R10, 0
0x02FE	0x5003      	MOVF        R3, 0, 0
0x0300	0xA4D8      	BTFSS       STATUS, 2, 0
0x0302	0x800A      	BSF         R10, 0, 0
0x0304	0x5007      	MOVF        R7, 0, 0
0x0306	0xA4D8      	BTFSS       STATUS, 2, 0
0x0308	0x820A      	BSF         R10, 1, 0
0x030A	0x500A      	MOVF        R10, 0, 0
0x030C	0xB4D8      	BTFSC       STATUS, 2, 0
0x030E	0xF001EFE1  	GOTO        COMPARE_EQU
0x0312	0x0A03      	XORLW       3
0x0314	0xB4D8      	BTFSC       STATUS, 2, 0
0x0316	0xF001EF9A  	GOTO        COMPARE_NOTZERO
0x031A	0xB00A      	BTFSC       R10, 0, 0
0x031C	0xF001EF95  	GOTO        COMPARE_XNOTZERO
0x0320	0xAE06      	BTFSS       R6, 7, 0
0x0322	0xF001EFDF  	GOTO        COMPARE_LT
0x0326	0xF001EFDD  	GOTO        COMPARE_GT
COMPARE_XNOTZERO:
0x032A	0xAE02      	BTFSS       R2, 7, 0
0x032C	0xF001EFDD  	GOTO        COMPARE_GT
0x0330	0xF001EFDF  	GOTO        COMPARE_LT
COMPARE_NOTZERO:
0x0334	0x5002      	MOVF        R2, 0, 0
0x0336	0x0B80      	ANDLW       128
0x0338	0x6E0A      	MOVWF       R10, 0
0x033A	0x9E02      	BCF         R2, 7, 0
0x033C	0x5006      	MOVF        R6, 0, 0
0x033E	0x0B80      	ANDLW       128
0x0340	0x9E06      	BCF         R6, 7, 0
0x0342	0x180A      	XORWF       R10, 0, 0
0x0344	0xB4D8      	BTFSC       STATUS, 2, 0
0x0346	0xF001EFAB  	GOTO        COMPARE_TESTALL
0x034A	0x500A      	MOVF        R10, 0, 0
0x034C	0xB4D8      	BTFSC       STATUS, 2, 0
0x034E	0xF001EFDD  	GOTO        COMPARE_GT
0x0352	0xF001EFDF  	GOTO        COMPARE_LT
COMPARE_TESTALL:
0x0356	0x5007      	MOVF        R7, 0, 0
0x0358	0x5C03      	SUBWF       R3, 0, 0
0x035A	0xB4D8      	BTFSC       STATUS, 2, 0
0x035C	0xF001EFB5  	GOTO        COMPARE_C1
0x0360	0xA0D8      	BTFSS       STATUS, 0, 0
0x0362	0xF001EFD1  	GOTO        GT_FALSE
0x0366	0xF001EFD7  	GOTO        GT_TRUE
COMPARE_C1:
0x036A	0x5006      	MOVF        R6, 0, 0
0x036C	0x5C02      	SUBWF       R2, 0, 0
0x036E	0xB4D8      	BTFSC       STATUS, 2, 0
0x0370	0xF001EFBF  	GOTO        COMPARE_C2
0x0374	0xA0D8      	BTFSS       STATUS, 0, 0
0x0376	0xF001EFD1  	GOTO        GT_FALSE
0x037A	0xF001EFD7  	GOTO        GT_TRUE
COMPARE_C2:
0x037E	0x5005      	MOVF        R5, 0, 0
0x0380	0x5C01      	SUBWF       R1, 0, 0
0x0382	0xB4D8      	BTFSC       STATUS, 2, 0
0x0384	0xF001EFC9  	GOTO        COMPARE_C3
0x0388	0xA0D8      	BTFSS       STATUS, 0, 0
0x038A	0xF001EFD1  	GOTO        GT_FALSE
0x038E	0xF001EFD7  	GOTO        GT_TRUE
COMPARE_C3:
0x0392	0x5004      	MOVF        R4, 0, 0
0x0394	0x5C00      	SUBWF       R0, 0, 0
0x0396	0xB4D8      	BTFSC       STATUS, 2, 0
0x0398	0xF001EFE1  	GOTO        COMPARE_EQU
0x039C	0xB0D8      	BTFSC       STATUS, 0, 0
0x039E	0xF001EFD7  	GOTO        GT_TRUE
GT_FALSE:
0x03A2	0x520A      	MOVF        R10, 1, 0
0x03A4	0xB4D8      	BTFSC       STATUS, 2, 0
0x03A6	0xF001EFDF  	GOTO        COMPARE_LT
0x03AA	0xF001EFDD  	GOTO        COMPARE_GT
GT_TRUE:
0x03AE	0x520A      	MOVF        R10, 1, 0
0x03B0	0xB4D8      	BTFSC       STATUS, 2, 0
0x03B2	0xF001EFDD  	GOTO        COMPARE_GT
0x03B6	0xF001EFDF  	GOTO        COMPARE_LT
COMPARE_GT:
0x03BA	0x80D8      	BSF         STATUS, 0, 0
0x03BC	0x0012      	RETURN      0
COMPARE_LT:
0x03BE	0x90D8      	BCF         STATUS, 0, 0
0x03C0	0x0012      	RETURN      0
COMPARE_EQU:
0x03C2	0x80D8      	BSF         STATUS, 0, 0
0x03C4	0x84D8      	BSF         STATUS, 2, 0
0x03C6	0x0012      	RETURN      0
L_end_Compare_Double:
0x03C8	0x0012      	RETURN      0
; end of _Compare_Double
_Div_8X8_S:
0x03CA	0x6A0D      	CLRF        R13, 0
0x03CC	0x6A08      	CLRF        R8, 0
0x03CE	0x5000      	MOVF        R0, 0, 0
0x03D0	0xB4D8      	BTFSC       STATUS, 2, 0
0x03D2	0x0C00      	RETLW       0
0x03D4	0x1804      	XORWF       R4, 0, 0
0x03D6	0x6E0A      	MOVWF       R10, 0
0x03D8	0xBE0A      	BTFSC       R10, 7, 0
0x03DA	0x1E0D      	COMF        R13, 1, 0
0x03DC	0x6A0B      	CLRF        R11, 0
0x03DE	0xAE04      	BTFSS       R4, 7, 0
0x03E0	0xD002      	BRA         $+6
0x03E2	0x1E04      	COMF        R4, 1, 0
0x03E4	0x2A04      	INCF        R4, 1, 0
0x03E6	0xAE00      	BTFSS       R0, 7, 0
0x03E8	0xD002      	BRA         $+6
0x03EA	0x1E00      	COMF        R0, 1, 0
0x03EC	0x2A00      	INCF        R0, 1, 0
0x03EE	0x5000      	MOVF        R0, 0, 0
0x03F0	0x1004      	IORWF       R4, 0, 0
0x03F2	0x6E0A      	MOVWF       R10, 0
0x03F4	0xBE0A      	BTFSC       R10, 7, 0
0x03F6	0xD01F      	BRA         $+64
0x03F8	0x5004      	MOVF        R4, 0, 0
0x03FA	0x5E08      	SUBWF       R8, 1, 0
0x03FC	0x3600      	RLCF        R0, 1, 0
0x03FE	0x3400      	RLCF        R0, 0, 0
0x0400	0x3608      	RLCF        R8, 1, 0
0x0402	0x5004      	MOVF        R4, 0, 0
0x0404	0x2608      	ADDWF       R8, 1, 0
0x0406	0x3600      	RLCF        R0, 1, 0
0x0408	0x0E06      	MOVLW       6
0x040A	0x6E0C      	MOVWF       R12, 0
0x040C	0x3400      	RLCF        R0, 0, 0
0x040E	0x3608      	RLCF        R8, 1, 0
0x0410	0x5004      	MOVF        R4, 0, 0
0x0412	0xB000      	BTFSC       R0, 0, 0
0x0414	0x5E08      	SUBWF       R8, 1, 0
0x0416	0xA000      	BTFSS       R0, 0, 0
0x0418	0x2608      	ADDWF       R8, 1, 0
0x041A	0x3600      	RLCF        R0, 1, 0
0x041C	0x2E0C      	DECFSZ      R12, 1, 0
0x041E	0xD7F6      	BRA         $-18
0x0420	0xA000      	BTFSS       R0, 0, 0
0x0422	0x2608      	ADDWF       R8, 1, 0
0x0424	0xB00B      	BTFSC       R11, 0, 0
0x0426	0xD015      	BRA         $+44
0x0428	0xAE0D      	BTFSS       R13, 7, 0
0x042A	0x0C00      	RETLW       0
0x042C	0x1E00      	COMF        R0, 1, 0
0x042E	0x2A00      	INCF        R0, 1, 0
0x0430	0x1E08      	COMF        R8, 1, 0
0x0432	0x2A08      	INCF        R8, 1, 0
0x0434	0x0C00      	RETLW       0
0x0436	0xAE04      	BTFSS       R4, 7, 0
0x0438	0xD009      	BRA         $+20
0x043A	0xBE00      	BTFSC       R0, 7, 0
0x043C	0xD004      	BRA         $+10
0x043E	0x5000      	MOVF        R0, 0, 0
0x0440	0x6E08      	MOVWF       R8, 0
0x0442	0x6A00      	CLRF        R0, 0
0x0444	0xD7F1      	BRA         $-28
0x0446	0x6A00      	CLRF        R0, 0
0x0448	0x2A00      	INCF        R0, 1, 0
0x044A	0x0C00      	RETLW       0
0x044C	0x1E00      	COMF        R0, 1, 0
0x044E	0x2A0B      	INCF        R11, 1, 0
0x0450	0xD7D3      	BRA         $-88
0x0452	0x2A08      	INCF        R8, 1, 0
0x0454	0x5004      	MOVF        R4, 0, 0
0x0456	0x5C08      	SUBWF       R8, 0, 0
0x0458	0xA4D8      	BTFSS       STATUS, 2, 0
0x045A	0xD7E6      	BRA         $-50
0x045C	0x6A08      	CLRF        R8, 0
0x045E	0x2A00      	INCF        R0, 1, 0
0x0460	0xAE00      	BTFSS       R0, 7, 0
0x0462	0xD7E2      	BRA         $-58
0x0464	0x0CFF      	RETLW       255
L_end_Div_8X8_S:
0x0466	0x0012      	RETURN      0
; end of _Div_8X8_S
_Lcd_Init:
0x0468	0x9296      	BCF         LCD_EN_Direction, BitPos(LCD_EN_Direction+0) 
0x046A	0x9496      	BCF         LCD_RS_Direction, BitPos(LCD_RS_Direction+0) 
0x046C	0x9895      	BCF         LCD_D4_Direction, BitPos(LCD_D4_Direction+0) 
0x046E	0x9A95      	BCF         LCD_D5_Direction, BitPos(LCD_D5_Direction+0) 
0x0470	0x9C95      	BCF         LCD_D6_Direction, BitPos(LCD_D6_Direction+0) 
0x0472	0x9E95      	BCF         LCD_D7_Direction, BitPos(LCD_D7_Direction+0) 
0x0474	0x928D      	BCF         LCD_EN, BitPos(LCD_EN+0) 
0x0476	0x948D      	BCF         LCD_RS, BitPos(LCD_RS+0) 
0x0478	0x9E8C      	BCF         LCD_D7, BitPos(LCD_D7+0) 
0x047A	0x9C8C      	BCF         LCD_D6, BitPos(LCD_D6+0) 
0x047C	0x9A8C      	BCF         LCD_D5, BitPos(LCD_D5+0) 
0x047E	0x988C      	BCF         LCD_D4, BitPos(LCD_D4+0) 
0x0480	0xDDCD      	RCALL       _Delay_5500us
0x0482	0xDDCC      	RCALL       _Delay_5500us
0x0484	0xDDCB      	RCALL       _Delay_5500us
0x0486	0x8A8C      	BSF         LCD_D5, BitPos(LCD_D5+0) 
0x0488	0x888C      	BSF         LCD_D4, BitPos(LCD_D4+0) 
0x048A	0x828D      	BSF         LCD_EN, BitPos(LCD_EN+0) 
0x048C	0xDDD2      	RCALL       _Delay_1us
0x048E	0x928D      	BCF         LCD_EN, BitPos(LCD_EN+0) 
0x0490	0xDDC5      	RCALL       _Delay_5500us
0x0492	0x828D      	BSF         LCD_EN, BitPos(LCD_EN+0) 
0x0494	0xDDCE      	RCALL       _Delay_1us
0x0496	0x928D      	BCF         LCD_EN, BitPos(LCD_EN+0) 
0x0498	0xDDC1      	RCALL       _Delay_5500us
0x049A	0x828D      	BSF         LCD_EN, BitPos(LCD_EN+0) 
0x049C	0xDDCA      	RCALL       _Delay_1us
0x049E	0x928D      	BCF         LCD_EN, BitPos(LCD_EN+0) 
0x04A0	0xDDBD      	RCALL       _Delay_5500us
0x04A2	0x988C      	BCF         LCD_D4, BitPos(LCD_D4+0) 
0x04A4	0x828D      	BSF         LCD_EN, BitPos(LCD_EN+0) 
0x04A6	0xDDC5      	RCALL       _Delay_1us
0x04A8	0x928D      	BCF         LCD_EN, BitPos(LCD_EN+0) 
0x04AA	0xDDB8      	RCALL       _Delay_5500us
0x04AC	0x828D      	BSF         LCD_EN, BitPos(LCD_EN+0) 
0x04AE	0xDDC1      	RCALL       _Delay_1us
0x04B0	0x928D      	BCF         LCD_EN, BitPos(LCD_EN+0) 
0x04B2	0x9A8C      	BCF         LCD_D5, BitPos(LCD_D5+0) 
0x04B4	0x8E8C      	BSF         LCD_D7, BitPos(LCD_D7+0) 
0x04B6	0x828D      	BSF         LCD_EN, BitPos(LCD_EN+0) 
0x04B8	0xDDBC      	RCALL       _Delay_1us
0x04BA	0x928D      	BCF         LCD_EN, BitPos(LCD_EN+0) 
0x04BC	0xDDAF      	RCALL       _Delay_5500us
0x04BE	0x9E8C      	BCF         LCD_D7, BitPos(LCD_D7+0) 
0x04C0	0x888C      	BSF         LCD_D4, BitPos(LCD_D4+0) 
0x04C2	0x828D      	BSF         LCD_EN, BitPos(LCD_EN+0) 
0x04C4	0xDDB6      	RCALL       _Delay_1us
0x04C6	0x928D      	BCF         LCD_EN, BitPos(LCD_EN+0) 
0x04C8	0x988C      	BCF         LCD_D4, BitPos(LCD_D4+0) 
0x04CA	0x828D      	BSF         LCD_EN, BitPos(LCD_EN+0) 
0x04CC	0xDDB2      	RCALL       _Delay_1us
0x04CE	0x928D      	BCF         LCD_EN, BitPos(LCD_EN+0) 
0x04D0	0xDDA5      	RCALL       _Delay_5500us
0x04D2	0x828D      	BSF         LCD_EN, BitPos(LCD_EN+0) 
0x04D4	0xDDAE      	RCALL       _Delay_1us
0x04D6	0x928D      	BCF         LCD_EN, BitPos(LCD_EN+0) 
0x04D8	0x888C      	BSF         LCD_D4, BitPos(LCD_D4+0) 
0x04DA	0x828D      	BSF         LCD_EN, BitPos(LCD_EN+0) 
0x04DC	0xDDAA      	RCALL       _Delay_1us
0x04DE	0x928D      	BCF         LCD_EN, BitPos(LCD_EN+0) 
0x04E0	0xDD9D      	RCALL       _Delay_5500us
0x04E2	0x988C      	BCF         LCD_D4, BitPos(LCD_D4+0) 
0x04E4	0x828D      	BSF         LCD_EN, BitPos(LCD_EN+0) 
0x04E6	0xDDA5      	RCALL       _Delay_1us
0x04E8	0x928D      	BCF         LCD_EN, BitPos(LCD_EN+0) 
0x04EA	0x8E8C      	BSF         LCD_D7, BitPos(LCD_D7+0) 
0x04EC	0x8C8C      	BSF         LCD_D6, BitPos(LCD_D6+0) 
0x04EE	0x8A8C      	BSF         LCD_D5, BitPos(LCD_D5+0) 
0x04F0	0x888C      	BSF         LCD_D4, BitPos(LCD_D4+0) 
0x04F2	0x828D      	BSF         LCD_EN, BitPos(LCD_EN+0) 
0x04F4	0xDD9E      	RCALL       _Delay_1us
0x04F6	0x928D      	BCF         LCD_EN, BitPos(LCD_EN+0) 
0x04F8	0xDD91      	RCALL       _Delay_5500us
0x04FA	0x8020      	BSF         __Lib_Lcd_cmd_status, BitPos(__Lib_Lcd_cmd_status+0) 
L_end_Lcd_Init:
0x04FC	0x0012      	RETURN      0
; end of _Lcd_Init
_Lcd_Out:
0x04FE	0xD00F      	BRA         L_Lcd_Out11
L_Lcd_Out13:
0x0500	0x0E80      	MOVLW       128
0x0502	0x6E53      	MOVWF       FARG_Lcd_Out_row 
0x0504	0xD019      	BRA         L_Lcd_Out12
L_Lcd_Out14:
0x0506	0x0EC0      	MOVLW       192
0x0508	0x6E53      	MOVWF       FARG_Lcd_Out_row 
0x050A	0xD016      	BRA         L_Lcd_Out12
L_Lcd_Out15:
0x050C	0x0E94      	MOVLW       148
0x050E	0x6E53      	MOVWF       FARG_Lcd_Out_row 
0x0510	0xD013      	BRA         L_Lcd_Out12
L_Lcd_Out16:
0x0512	0x0ED4      	MOVLW       212
0x0514	0x6E53      	MOVWF       FARG_Lcd_Out_row 
0x0516	0xD010      	BRA         L_Lcd_Out12
L_Lcd_Out17:
0x0518	0x0E80      	MOVLW       128
0x051A	0x6E53      	MOVWF       FARG_Lcd_Out_row 
0x051C	0xD00D      	BRA         L_Lcd_Out12
L_Lcd_Out11:
0x051E	0x5053      	MOVF        FARG_Lcd_Out_row, 0 
0x0520	0x0A01      	XORLW       1
0x0522	0xE0EE      	BZ          L_Lcd_Out13
0x0524	0x5053      	MOVF        FARG_Lcd_Out_row, 0 
0x0526	0x0A02      	XORLW       2
0x0528	0xE0EE      	BZ          L_Lcd_Out14
0x052A	0x5053      	MOVF        FARG_Lcd_Out_row, 0 
0x052C	0x0A03      	XORLW       3
0x052E	0xE0EE      	BZ          L_Lcd_Out15
0x0530	0x5053      	MOVF        FARG_Lcd_Out_row, 0 
0x0532	0x0A04      	XORLW       4
0x0534	0xE0EE      	BZ          L_Lcd_Out16
0x0536	0xD7F0      	BRA         L_Lcd_Out17
L_Lcd_Out12:
0x0538	0x0454      	DECF        FARG_Lcd_Out_column, 0 
0x053A	0x6E00      	MOVWF       R0 
0x053C	0x5053      	MOVF        FARG_Lcd_Out_row, 0 
0x053E	0x2600      	ADDWF       R0, 1 
0x0540	0xF053C000  	MOVFF       R0, FARG_Lcd_Out_row
0x0544	0xF069C000  	MOVFF       R0, FARG_Lcd_Cmd_out_char
0x0548	0xDD94      	RCALL       _Lcd_Cmd
0x054A	0x9020      	BCF         __Lib_Lcd_cmd_status, BitPos(__Lib_Lcd_cmd_status+0) 
0x054C	0x6A57      	CLRF        Lcd_Out_i_L0 
L_Lcd_Out18:
0x054E	0x5057      	MOVF        Lcd_Out_i_L0, 0 
0x0550	0x2455      	ADDWF       FARG_Lcd_Out_text, 0 
0x0552	0x6EE9      	MOVWF       FSR0L 
0x0554	0x0E00      	MOVLW       0
0x0556	0x2056      	ADDWFC      FARG_Lcd_Out_text+1, 0 
0x0558	0x6EEA      	MOVWF       FSR0L+1 
0x055A	0x52EE      	MOVF        POSTINC0, 1 
0x055C	0xE00B      	BZ          L_Lcd_Out19
0x055E	0x5057      	MOVF        Lcd_Out_i_L0, 0 
0x0560	0x2455      	ADDWF       FARG_Lcd_Out_text, 0 
0x0562	0x6EE9      	MOVWF       FSR0L 
0x0564	0x0E00      	MOVLW       0
0x0566	0x2056      	ADDWFC      FARG_Lcd_Out_text+1, 0 
0x0568	0x6EEA      	MOVWF       FSR0L+1 
0x056A	0xF065CFEE  	MOVFF       POSTINC0, FARG_Lcd_Chr_CP_out_char
0x056E	0xDDCB      	RCALL       _Lcd_Chr_CP
0x0570	0x2A57      	INCF        Lcd_Out_i_L0, 1 
0x0572	0xD7ED      	BRA         L_Lcd_Out18
L_Lcd_Out19:
0x0574	0x8020      	BSF         __Lib_Lcd_cmd_status, BitPos(__Lib_Lcd_cmd_status+0) 
L_end_Lcd_Out:
0x0576	0x0012      	RETURN      0
; end of _Lcd_Out
_FloatToStr_FixLen:
0x0578	0x6A60      	CLRF        FloatToStr_FixLen_bpoint_L0 
0x057A	0x6A61      	CLRF        FloatToStr_FixLen_j_L0 
0x057C	0x6A62      	CLRF        FloatToStr_FixLen_eksp_L0 
0x057E	0x6A63      	CLRF        FloatToStr_FixLen_dec_L0 
0x0580	0x6A64      	CLRF        FloatToStr_FixLen_dexpon_L0 
0x0582	0xF05CC053  	MOVFF       FARG_FloatToStr_FixLen_fnum, FloatToStr_FixLen_un_L0
0x0586	0xF05DC054  	MOVFF       FARG_FloatToStr_FixLen_fnum+1, FloatToStr_FixLen_un_L0+1
0x058A	0xF05EC055  	MOVFF       FARG_FloatToStr_FixLen_fnum+2, FloatToStr_FixLen_un_L0+2
0x058E	0xF05FC056  	MOVFF       FARG_FloatToStr_FixLen_fnum+3, FloatToStr_FixLen_un_L0+3
0x0592	0x505F      	MOVF        FloatToStr_FixLen_un_L0+3, 0 
0x0594	0x0AFF      	XORLW       255
0x0596	0xE108      	BNZ         L__FloatToStr_FixLen423
0x0598	0x505E      	MOVF        FloatToStr_FixLen_un_L0+2, 0 
0x059A	0x0AFF      	XORLW       255
0x059C	0xE105      	BNZ         L__FloatToStr_FixLen423
0x059E	0x505D      	MOVF        FloatToStr_FixLen_un_L0+1, 0 
0x05A0	0x0AFF      	XORLW       255
0x05A2	0xE102      	BNZ         L__FloatToStr_FixLen423
0x05A4	0x505C      	MOVF        FloatToStr_FixLen_un_L0, 0 
0x05A6	0x0AFF      	XORLW       255
L__FloatToStr_FixLen423:
0x05A8	0xE10C      	BNZ         L_FloatToStr_FixLen112
0x05AA	0xF065C057  	MOVFF       FARG_FloatToStr_FixLen_str, FARG_strcpy_to
0x05AE	0xF066C058  	MOVFF       FARG_FloatToStr_FixLen_str+1, FARG_strcpy_to+1
0x05B2	0x0E1C      	MOVLW       ?lstr4___Lib_Conversions
0x05B4	0x6E67      	MOVWF       FARG_strcpy_from 
0x05B6	0x0E00      	MOVLW       hi_addr(?lstr4___Lib_Conversions)
0x05B8	0x6E68      	MOVWF       FARG_strcpy_from+1 
0x05BA	0xDE7A      	RCALL       _strcpy
0x05BC	0x0E03      	MOVLW       3
0x05BE	0x6E00      	MOVWF       R0 
0x05C0	0xD256      	BRA         L_end_FloatToStr_FixLen
L_FloatToStr_FixLen112:
0x05C2	0x0E01      	MOVLW       1
0x05C4	0x6E5A      	MOVWF       FloatToStr_FixLen_i_L0 
0x05C6	0xAE5E      	BTFSS       FloatToStr_FixLen_un_L0+2, 7 
0x05C8	0xD00F      	BRA         L_FloatToStr_FixLen113
0x05CA	0x0E80      	MOVLW       128
0x05CC	0x185E      	XORWF       FloatToStr_FixLen_un_L0+2, 0 
0x05CE	0x6E00      	MOVWF       R0 
0x05D0	0xF05EC000  	MOVFF       R0, FloatToStr_FixLen_un_L0+2
0x05D4	0x2A5A      	INCF        FloatToStr_FixLen_i_L0, 1 
0x05D6	0x2A61      	INCF        FloatToStr_FixLen_j_L0, 1 
0x05D8	0xFFE1C057  	MOVFF       FARG_FloatToStr_FixLen_str, FSR1L
0x05DC	0xFFE2C058  	MOVFF       FARG_FloatToStr_FixLen_str+1, FSR1H
0x05E0	0x0E2D      	MOVLW       45
0x05E2	0x6EE6      	MOVWF       POSTINC1 
0x05E4	0x4A57      	INFSNZ      FARG_FloatToStr_FixLen_str, 1 
0x05E6	0x2A58      	INCF        FARG_FloatToStr_FixLen_str+1, 1 
L_FloatToStr_FixLen113:
0x05E8	0x0E00      	MOVLW       0
0x05EA	0x6E00      	MOVWF       R0 
0x05EC	0x185F      	XORWF       FloatToStr_FixLen_un_L0+3, 0 
0x05EE	0xE108      	BNZ         L__FloatToStr_FixLen424
0x05F0	0x5000      	MOVF        R0, 0 
0x05F2	0x185E      	XORWF       FloatToStr_FixLen_un_L0+2, 0 
0x05F4	0xE105      	BNZ         L__FloatToStr_FixLen424
0x05F6	0x5000      	MOVF        R0, 0 
0x05F8	0x185D      	XORWF       FloatToStr_FixLen_un_L0+1, 0 
0x05FA	0xE102      	BNZ         L__FloatToStr_FixLen424
0x05FC	0x505C      	MOVF        FloatToStr_FixLen_un_L0, 0 
0x05FE	0x0A00      	XORLW       0
L__FloatToStr_FixLen424:
0x0600	0xE10B      	BNZ         L_FloatToStr_FixLen114
0x0602	0xF065C057  	MOVFF       FARG_FloatToStr_FixLen_str, FARG_strcpy_to
0x0606	0xF066C058  	MOVFF       FARG_FloatToStr_FixLen_str+1, FARG_strcpy_to+1
0x060A	0x0E15      	MOVLW       ?lstr5___Lib_Conversions
0x060C	0x6E67      	MOVWF       FARG_strcpy_from 
0x060E	0x0E00      	MOVLW       hi_addr(?lstr5___Lib_Conversions)
0x0610	0x6E68      	MOVWF       FARG_strcpy_from+1 
0x0612	0xDE4E      	RCALL       _strcpy
0x0614	0x6A00      	CLRF        R0 
0x0616	0xD22B      	BRA         L_end_FloatToStr_FixLen
L_FloatToStr_FixLen114:
0x0618	0x505F      	MOVF        FloatToStr_FixLen_un_L0+3, 0 
0x061A	0x0AFF      	XORLW       255
0x061C	0xE108      	BNZ         L__FloatToStr_FixLen425
0x061E	0x505E      	MOVF        FloatToStr_FixLen_un_L0+2, 0 
0x0620	0x0A00      	XORLW       0
0x0622	0xE105      	BNZ         L__FloatToStr_FixLen425
0x0624	0x505D      	MOVF        FloatToStr_FixLen_un_L0+1, 0 
0x0626	0x0A00      	XORLW       0
0x0628	0xE102      	BNZ         L__FloatToStr_FixLen425
0x062A	0x505C      	MOVF        FloatToStr_FixLen_un_L0, 0 
0x062C	0x0A00      	XORLW       0
L__FloatToStr_FixLen425:
0x062E	0xE10C      	BNZ         L_FloatToStr_FixLen115
0x0630	0xF065C057  	MOVFF       FARG_FloatToStr_FixLen_str, FARG_strcpy_to
0x0634	0xF066C058  	MOVFF       FARG_FloatToStr_FixLen_str+1, FARG_strcpy_to+1
0x0638	0x0E17      	MOVLW       ?lstr6___Lib_Conversions
0x063A	0x6E67      	MOVWF       FARG_strcpy_from 
0x063C	0x0E00      	MOVLW       hi_addr(?lstr6___Lib_Conversions)
0x063E	0x6E68      	MOVWF       FARG_strcpy_from+1 
0x0640	0xDE37      	RCALL       _strcpy
0x0642	0xF000C05A  	MOVFF       FloatToStr_FixLen_i_L0, R0
0x0646	0xD213      	BRA         L_end_FloatToStr_FixLen
L_FloatToStr_FixLen115:
L_FloatToStr_FixLen116:
0x0648	0x0E00      	MOVLW       0
0x064A	0x6E04      	MOVWF       R4 
0x064C	0x0E00      	MOVLW       0
0x064E	0x6E05      	MOVWF       R5 
0x0650	0x0E00      	MOVLW       0
0x0652	0x6E06      	MOVWF       R6 
0x0654	0x0E7F      	MOVLW       127
0x0656	0x6E07      	MOVWF       R7 
0x0658	0xF000C05C  	MOVFF       FloatToStr_FixLen_un_L0, R0
0x065C	0xF001C05D  	MOVFF       FloatToStr_FixLen_un_L0+1, R1
0x0660	0xF002C05E  	MOVFF       FloatToStr_FixLen_un_L0+2, R2
0x0664	0xF003C05F  	MOVFF       FloatToStr_FixLen_un_L0+3, R3
0x0668	0xDE49      	RCALL       _Compare_Double
0x066A	0x0E01      	MOVLW       1
0x066C	0xB0D8      	BTFSC       STATUS, 0 
0x066E	0x0E00      	MOVLW       0
0x0670	0x6E00      	MOVWF       R0 
0x0672	0x5200      	MOVF        R0, 1 
0x0674	0xE01B      	BZ          L_FloatToStr_FixLen117
0x0676	0xF000C05C  	MOVFF       FloatToStr_FixLen_un_L0, R0
0x067A	0xF001C05D  	MOVFF       FloatToStr_FixLen_un_L0+1, R1
0x067E	0xF002C05E  	MOVFF       FloatToStr_FixLen_un_L0+2, R2
0x0682	0xF003C05F  	MOVFF       FloatToStr_FixLen_un_L0+3, R3
0x0686	0x0E00      	MOVLW       0
0x0688	0x6E04      	MOVWF       R4 
0x068A	0x0E00      	MOVLW       0
0x068C	0x6E05      	MOVWF       R5 
0x068E	0x0E20      	MOVLW       32
0x0690	0x6E06      	MOVWF       R6 
0x0692	0x0E82      	MOVLW       130
0x0694	0x6E07      	MOVWF       R7 
0x0696	0xDD7C      	RCALL       _Mul_32x32_FP
0x0698	0xF05CC000  	MOVFF       R0, FloatToStr_FixLen_un_L0
0x069C	0xF05DC001  	MOVFF       R1, FloatToStr_FixLen_un_L0+1
0x06A0	0xF05EC002  	MOVFF       R2, FloatToStr_FixLen_un_L0+2
0x06A4	0xF05FC003  	MOVFF       R3, FloatToStr_FixLen_un_L0+3
0x06A8	0x0664      	DECF        FloatToStr_FixLen_dexpon_L0, 1 
0x06AA	0xD7CE      	BRA         L_FloatToStr_FixLen116
L_FloatToStr_FixLen117:
L_FloatToStr_FixLen118:
0x06AC	0x0E00      	MOVLW       0
0x06AE	0x6E04      	MOVWF       R4 
0x06B0	0x0E00      	MOVLW       0
0x06B2	0x6E05      	MOVWF       R5 
0x06B4	0x0E20      	MOVLW       32
0x06B6	0x6E06      	MOVWF       R6 
0x06B8	0x0E82      	MOVLW       130
0x06BA	0x6E07      	MOVWF       R7 
0x06BC	0xF000C05C  	MOVFF       FloatToStr_FixLen_un_L0, R0
0x06C0	0xF001C05D  	MOVFF       FloatToStr_FixLen_un_L0+1, R1
0x06C4	0xF002C05E  	MOVFF       FloatToStr_FixLen_un_L0+2, R2
0x06C8	0xF003C05F  	MOVFF       FloatToStr_FixLen_un_L0+3, R3
0x06CC	0xDE17      	RCALL       _Compare_Double
0x06CE	0x0E00      	MOVLW       0
0x06D0	0xB0D8      	BTFSC       STATUS, 0 
0x06D2	0x0E01      	MOVLW       1
0x06D4	0x6E00      	MOVWF       R0 
0x06D6	0x5200      	MOVF        R0, 1 
0x06D8	0xE01B      	BZ          L_FloatToStr_FixLen119
0x06DA	0xF000C05C  	MOVFF       FloatToStr_FixLen_un_L0, R0
0x06DE	0xF001C05D  	MOVFF       FloatToStr_FixLen_un_L0+1, R1
0x06E2	0xF002C05E  	MOVFF       FloatToStr_FixLen_un_L0+2, R2
0x06E6	0xF003C05F  	MOVFF       FloatToStr_FixLen_un_L0+3, R3
0x06EA	0x0ECD      	MOVLW       205
0x06EC	0x6E04      	MOVWF       R4 
0x06EE	0x0ECC      	MOVLW       204
0x06F0	0x6E05      	MOVWF       R5 
0x06F2	0x0E4C      	MOVLW       76
0x06F4	0x6E06      	MOVWF       R6 
0x06F6	0x0E7B      	MOVLW       123
0x06F8	0x6E07      	MOVWF       R7 
0x06FA	0xDD4A      	RCALL       _Mul_32x32_FP
0x06FC	0xF05CC000  	MOVFF       R0, FloatToStr_FixLen_un_L0
0x0700	0xF05DC001  	MOVFF       R1, FloatToStr_FixLen_un_L0+1
0x0704	0xF05EC002  	MOVFF       R2, FloatToStr_FixLen_un_L0+2
0x0708	0xF05FC003  	MOVFF       R3, FloatToStr_FixLen_un_L0+3
0x070C	0x2A64      	INCF        FloatToStr_FixLen_dexpon_L0, 1 
0x070E	0xD7CE      	BRA         L_FloatToStr_FixLen118
L_FloatToStr_FixLen119:
0x0710	0x0EFF      	MOVLW       255
0x0712	0x145C      	ANDWF       FloatToStr_FixLen_un_L0, 0 
0x0714	0x6E08      	MOVWF       R8 
0x0716	0x0EFF      	MOVLW       255
0x0718	0x145D      	ANDWF       FloatToStr_FixLen_un_L0+1, 0 
0x071A	0x6E09      	MOVWF       R9 
0x071C	0x0E7F      	MOVLW       127
0x071E	0x145E      	ANDWF       FloatToStr_FixLen_un_L0+2, 0 
0x0720	0x6E0A      	MOVWF       R10 
0x0722	0x0E00      	MOVLW       0
0x0724	0x145F      	ANDWF       FloatToStr_FixLen_un_L0+3, 0 
0x0726	0x6E0B      	MOVWF       R11 
0x0728	0xF004C008  	MOVFF       R8, R4
0x072C	0xF005C009  	MOVFF       R9, R5
0x0730	0xF006C00A  	MOVFF       R10, R6
0x0734	0xF007C00B  	MOVFF       R11, R7
0x0738	0x3604      	RLCF        R4, 1 
0x073A	0x9004      	BCF         R4, 0 
0x073C	0x3605      	RLCF        R5, 1 
0x073E	0x3606      	RLCF        R6, 1 
0x0740	0x3607      	RLCF        R7, 1 
0x0742	0x0E00      	MOVLW       0
0x0744	0x145C      	ANDWF       FloatToStr_FixLen_un_L0, 0 
0x0746	0x6E00      	MOVWF       R0 
0x0748	0x0E00      	MOVLW       0
0x074A	0x145D      	ANDWF       FloatToStr_FixLen_un_L0+1, 0 
0x074C	0x6E01      	MOVWF       R1 
0x074E	0x0E00      	MOVLW       0
0x0750	0x145E      	ANDWF       FloatToStr_FixLen_un_L0+2, 0 
0x0752	0x6E02      	MOVWF       R2 
0x0754	0x0EFF      	MOVLW       255
0x0756	0x145F      	ANDWF       FloatToStr_FixLen_un_L0+3, 0 
0x0758	0x6E03      	MOVWF       R3 
0x075A	0xF05CC000  	MOVFF       R0, FloatToStr_FixLen_un_L0
0x075E	0xF05DC001  	MOVFF       R1, FloatToStr_FixLen_un_L0+1
0x0762	0xF05EC002  	MOVFF       R2, FloatToStr_FixLen_un_L0+2
0x0766	0xF05FC003  	MOVFF       R3, FloatToStr_FixLen_un_L0+3
0x076A	0x5004      	MOVF        R4, 0 
0x076C	0x105C      	IORWF       FloatToStr_FixLen_un_L0, 0 
0x076E	0x6E00      	MOVWF       R0 
0x0770	0x5005      	MOVF        R5, 0 
0x0772	0x105D      	IORWF       FloatToStr_FixLen_un_L0+1, 0 
0x0774	0x6E01      	MOVWF       R1 
0x0776	0x5006      	MOVF        R6, 0 
0x0778	0x105E      	IORWF       FloatToStr_FixLen_un_L0+2, 0 
0x077A	0x6E02      	MOVWF       R2 
0x077C	0x5007      	MOVF        R7, 0 
0x077E	0x105F      	IORWF       FloatToStr_FixLen_un_L0+3, 0 
0x0780	0x6E03      	MOVWF       R3 
0x0782	0xF05CC000  	MOVFF       R0, FloatToStr_FixLen_un_L0
0x0786	0xF05DC001  	MOVFF       R1, FloatToStr_FixLen_un_L0+1
0x078A	0xF05EC002  	MOVFF       R2, FloatToStr_FixLen_un_L0+2
0x078E	0xF05FC003  	MOVFF       R3, FloatToStr_FixLen_un_L0+3
0x0792	0x0E7F      	MOVLW       127
0x0794	0x5C5F      	SUBWF       FloatToStr_FixLen_un_L0+3, 0 
0x0796	0x6E00      	MOVWF       R0 
0x0798	0xF05BC000  	MOVFF       R0, FloatToStr_FixLen_d_L0
0x079C	0x0E01      	MOVLW       1
0x079E	0x6E5F      	MOVWF       FloatToStr_FixLen_un_L0+3 
0x07A0	0xF004C000  	MOVFF       R0, R4
0x07A4	0xF000C05C  	MOVFF       FloatToStr_FixLen_un_L0, R0
0x07A8	0xF001C05D  	MOVFF       FloatToStr_FixLen_un_L0+1, R1
0x07AC	0xF002C05E  	MOVFF       FloatToStr_FixLen_un_L0+2, R2
0x07B0	0xF003C05F  	MOVFF       FloatToStr_FixLen_un_L0+3, R3
0x07B4	0x5004      	MOVF        R4, 0 
L__FloatToStr_FixLen426:
0x07B6	0xE007      	BZ          L__FloatToStr_FixLen427
0x07B8	0x3600      	RLCF        R0, 1 
0x07BA	0x9000      	BCF         R0, 0 
0x07BC	0x3601      	RLCF        R1, 1 
0x07BE	0x3602      	RLCF        R2, 1 
0x07C0	0x3603      	RLCF        R3, 1 
0x07C2	0x0FFF      	ADDLW       255
0x07C4	0xD7F8      	BRA         L__FloatToStr_FixLen426
L__FloatToStr_FixLen427:
0x07C6	0xF05CC000  	MOVFF       R0, FloatToStr_FixLen_un_L0
0x07CA	0xF05DC001  	MOVFF       R1, FloatToStr_FixLen_un_L0+1
0x07CE	0xF05EC002  	MOVFF       R2, FloatToStr_FixLen_un_L0+2
0x07D2	0xF05FC003  	MOVFF       R3, FloatToStr_FixLen_un_L0+3
0x07D6	0xFFE1C057  	MOVFF       FARG_FloatToStr_FixLen_str, FSR1L
0x07DA	0xFFE2C058  	MOVFF       FARG_FloatToStr_FixLen_str+1, FSR1H
0x07DE	0x505F      	MOVF        FloatToStr_FixLen_un_L0+3, 0 
0x07E0	0x0F30      	ADDLW       48
0x07E2	0x6EE6      	MOVWF       POSTINC1 
0x07E4	0x4A57      	INFSNZ      FARG_FloatToStr_FixLen_str, 1 
0x07E6	0x2A58      	INCF        FARG_FloatToStr_FixLen_str+1, 1 
0x07E8	0x2A61      	INCF        FloatToStr_FixLen_j_L0, 1 
0x07EA	0x0E80      	MOVLW       128
0x07EC	0x1864      	XORWF       FloatToStr_FixLen_dexpon_L0, 0 
0x07EE	0x6E00      	MOVWF       R0 
0x07F0	0x0E80      	MOVLW       128
0x07F2	0x0A01      	XORLW       1
0x07F4	0x5C00      	SUBWF       R0, 0 
0x07F6	0xE308      	BNC         L__FloatToStr_FixLen347
0x07F8	0x0E80      	MOVLW       128
0x07FA	0x0A06      	XORLW       6
0x07FC	0x6E00      	MOVWF       R0 
0x07FE	0x0E80      	MOVLW       128
0x0800	0x1864      	XORWF       FloatToStr_FixLen_dexpon_L0, 0 
0x0802	0x5C00      	SUBWF       R0, 0 
0x0804	0xE301      	BNC         L__FloatToStr_FixLen347
0x0806	0xD00B      	BRA         L_FloatToStr_FixLen122
L__FloatToStr_FixLen347:
0x0808	0xFFE1C057  	MOVFF       FARG_FloatToStr_FixLen_str, FSR1L
0x080C	0xFFE2C058  	MOVFF       FARG_FloatToStr_FixLen_str+1, FSR1H
0x0810	0x0E2E      	MOVLW       46
0x0812	0x6EE6      	MOVWF       POSTINC1 
0x0814	0x4A57      	INFSNZ      FARG_FloatToStr_FixLen_str, 1 
0x0816	0x2A58      	INCF        FARG_FloatToStr_FixLen_str+1, 1 
0x0818	0x0E01      	MOVLW       1
0x081A	0x6E60      	MOVWF       FloatToStr_FixLen_bpoint_L0 
0x081C	0x2A61      	INCF        FloatToStr_FixLen_j_L0, 1 
L_FloatToStr_FixLen122:
0x081E	0x0E06      	MOVLW       6
0x0820	0x6E5B      	MOVWF       FloatToStr_FixLen_d_L0 
L_FloatToStr_FixLen123:
0x0822	0x505B      	MOVF        FloatToStr_FixLen_d_L0, 0 
0x0824	0x0A00      	XORLW       0
0x0826	0xE058      	BZ          L_FloatToStr_FixLen124
0x0828	0x6A5F      	CLRF        FloatToStr_FixLen_un_L0+3 
0x082A	0xF000C05C  	MOVFF       FloatToStr_FixLen_un_L0, R0
0x082E	0xF001C05D  	MOVFF       FloatToStr_FixLen_un_L0+1, R1
0x0832	0xF002C05E  	MOVFF       FloatToStr_FixLen_un_L0+2, R2
0x0836	0xF003C05F  	MOVFF       FloatToStr_FixLen_un_L0+3, R3
0x083A	0x3600      	RLCF        R0, 1 
0x083C	0x9000      	BCF         R0, 0 
0x083E	0x3601      	RLCF        R1, 1 
0x0840	0x3602      	RLCF        R2, 1 
0x0842	0x3603      	RLCF        R3, 1 
0x0844	0x3600      	RLCF        R0, 1 
0x0846	0x9000      	BCF         R0, 0 
0x0848	0x3601      	RLCF        R1, 1 
0x084A	0x3602      	RLCF        R2, 1 
0x084C	0x3603      	RLCF        R3, 1 
0x084E	0x505C      	MOVF        FloatToStr_FixLen_un_L0, 0 
0x0850	0x2600      	ADDWF       R0, 1 
0x0852	0x505D      	MOVF        FloatToStr_FixLen_un_L0+1, 0 
0x0854	0x2201      	ADDWFC      R1, 1 
0x0856	0x505E      	MOVF        FloatToStr_FixLen_un_L0+2, 0 
0x0858	0x2202      	ADDWFC      R2, 1 
0x085A	0x505F      	MOVF        FloatToStr_FixLen_un_L0+3, 0 
0x085C	0x2203      	ADDWFC      R3, 1 
0x085E	0xF05CC000  	MOVFF       R0, FloatToStr_FixLen_un_L0
0x0862	0xF05DC001  	MOVFF       R1, FloatToStr_FixLen_un_L0+1
0x0866	0xF05EC002  	MOVFF       R2, FloatToStr_FixLen_un_L0+2
0x086A	0xF05FC003  	MOVFF       R3, FloatToStr_FixLen_un_L0+3
0x086E	0xF000C05C  	MOVFF       FloatToStr_FixLen_un_L0, R0
0x0872	0xF001C05D  	MOVFF       FloatToStr_FixLen_un_L0+1, R1
0x0876	0xF002C05E  	MOVFF       FloatToStr_FixLen_un_L0+2, R2
0x087A	0xF003C05F  	MOVFF       FloatToStr_FixLen_un_L0+3, R3
0x087E	0x3600      	RLCF        R0, 1 
0x0880	0x9000      	BCF         R0, 0 
0x0882	0x3601      	RLCF        R1, 1 
0x0884	0x3602      	RLCF        R2, 1 
0x0886	0x3603      	RLCF        R3, 1 
0x0888	0xF05CC000  	MOVFF       R0, FloatToStr_FixLen_un_L0
0x088C	0xF05DC001  	MOVFF       R1, FloatToStr_FixLen_un_L0+1
0x0890	0xF05EC002  	MOVFF       R2, FloatToStr_FixLen_un_L0+2
0x0894	0xF05FC003  	MOVFF       R3, FloatToStr_FixLen_un_L0+3
0x0898	0xFFE1C057  	MOVFF       FARG_FloatToStr_FixLen_str, FSR1L
0x089C	0xFFE2C058  	MOVFF       FARG_FloatToStr_FixLen_str+1, FSR1H
0x08A0	0x505F      	MOVF        FloatToStr_FixLen_un_L0+3, 0 
0x08A2	0x0F30      	ADDLW       48
0x08A4	0x6EE6      	MOVWF       POSTINC1 
0x08A6	0x4A57      	INFSNZ      FARG_FloatToStr_FixLen_str, 1 
0x08A8	0x2A58      	INCF        FARG_FloatToStr_FixLen_str+1, 1 
0x08AA	0x2A61      	INCF        FloatToStr_FixLen_j_L0, 1 
0x08AC	0x5060      	MOVF        FloatToStr_FixLen_bpoint_L0, 0 
0x08AE	0x0A00      	XORLW       0
0x08B0	0xE111      	BNZ         L_FloatToStr_FixLen126
0x08B2	0x0664      	DECF        FloatToStr_FixLen_dexpon_L0, 1 
0x08B4	0x5064      	MOVF        FloatToStr_FixLen_dexpon_L0, 0 
0x08B6	0x0A00      	XORLW       0
0x08B8	0xE10D      	BNZ         L_FloatToStr_FixLen127
0x08BA	0x0E01      	MOVLW       1
0x08BC	0x6E63      	MOVWF       FloatToStr_FixLen_dec_L0 
0x08BE	0xFFE1C057  	MOVFF       FARG_FloatToStr_FixLen_str, FSR1L
0x08C2	0xFFE2C058  	MOVFF       FARG_FloatToStr_FixLen_str+1, FSR1H
0x08C6	0x0E2E      	MOVLW       46
0x08C8	0x6EE6      	MOVWF       POSTINC1 
0x08CA	0x4A57      	INFSNZ      FARG_FloatToStr_FixLen_str, 1 
0x08CC	0x2A58      	INCF        FARG_FloatToStr_FixLen_str+1, 1 
0x08CE	0x0E01      	MOVLW       1
0x08D0	0x6E60      	MOVWF       FloatToStr_FixLen_bpoint_L0 
0x08D2	0x2A61      	INCF        FloatToStr_FixLen_j_L0, 1 
L_FloatToStr_FixLen127:
L_FloatToStr_FixLen126:
0x08D4	0x065B      	DECF        FloatToStr_FixLen_d_L0, 1 
0x08D6	0xD7A5      	BRA         L_FloatToStr_FixLen123
L_FloatToStr_FixLen124:
0x08D8	0x5063      	MOVF        FloatToStr_FixLen_dec_L0, 0 
0x08DA	0x0A01      	XORLW       1
0x08DC	0xB4D8      	BTFSC       STATUS, 2 
0x08DE	0x0661      	DECF        FloatToStr_FixLen_j_L0, 1 
L_FloatToStr_FixLen128:
0x08E0	0x0EFF      	MOVLW       255
0x08E2	0x2457      	ADDWF       FARG_FloatToStr_FixLen_str, 0 
0x08E4	0x6EE9      	MOVWF       FSR0L 
0x08E6	0x0EFF      	MOVLW       255
0x08E8	0x2058      	ADDWFC      FARG_FloatToStr_FixLen_str+1, 0 
0x08EA	0x6EEA      	MOVWF       FSR0L+1 
0x08EC	0x50EE      	MOVF        POSTINC0, 0 
0x08EE	0x0A2E      	XORLW       46
0x08F0	0xE105      	BNZ         L_FloatToStr_FixLen129
0x08F2	0x0E01      	MOVLW       1
0x08F4	0x5E57      	SUBWF       FARG_FloatToStr_FixLen_str, 1 
0x08F6	0x0E00      	MOVLW       0
0x08F8	0x5A58      	SUBWFB      FARG_FloatToStr_FixLen_str+1, 1 
0x08FA	0x0661      	DECF        FloatToStr_FixLen_j_L0, 1 
L_FloatToStr_FixLen129:
0x08FC	0x0E80      	MOVLW       128
0x08FE	0x0A00      	XORLW       0
0x0900	0x6E00      	MOVWF       R0 
0x0902	0x0E80      	MOVLW       128
0x0904	0x1864      	XORWF       FloatToStr_FixLen_dexpon_L0, 0 
0x0906	0x5C00      	SUBWF       R0, 0 
0x0908	0xE202      	BC          L_FloatToStr_FixLen130
0x090A	0x0E01      	MOVLW       1
0x090C	0x6E62      	MOVWF       FloatToStr_FixLen_eksp_L0 
L_FloatToStr_FixLen130:
0x090E	0x0E80      	MOVLW       128
0x0910	0x1864      	XORWF       FloatToStr_FixLen_dexpon_L0, 0 
0x0912	0x6E00      	MOVWF       R0 
0x0914	0x0E80      	MOVLW       128
0x0916	0x0A00      	XORLW       0
0x0918	0x5C00      	SUBWF       R0, 0 
0x091A	0xE202      	BC          L_FloatToStr_FixLen131
0x091C	0x0E02      	MOVLW       2
0x091E	0x6E62      	MOVWF       FloatToStr_FixLen_eksp_L0 
L_FloatToStr_FixLen131:
0x0920	0xF05BC064  	MOVFF       FloatToStr_FixLen_dexpon_L0, FloatToStr_FixLen_d_L0
0x0924	0x0E80      	MOVLW       128
0x0926	0x0A09      	XORLW       9
0x0928	0x6E00      	MOVWF       R0 
0x092A	0x0E80      	MOVLW       128
0x092C	0x1864      	XORWF       FloatToStr_FixLen_dexpon_L0, 0 
0x092E	0x5C00      	SUBWF       R0, 0 
0x0930	0xE302      	BNC         L_FloatToStr_FixLen132
0x0932	0x2A62      	INCF        FloatToStr_FixLen_eksp_L0, 1 
0x0934	0xD002      	BRA         L_FloatToStr_FixLen133
L_FloatToStr_FixLen132:
0x0936	0x0E02      	MOVLW       2
0x0938	0x2662      	ADDWF       FloatToStr_FixLen_eksp_L0, 1 
L_FloatToStr_FixLen133:
L_FloatToStr_FixLen134:
0x093A	0x5062      	MOVF        FloatToStr_FixLen_eksp_L0, 0 
0x093C	0x2461      	ADDWF       FloatToStr_FixLen_j_L0, 0 
0x093E	0x6E01      	MOVWF       R1 
0x0940	0x6A02      	CLRF        R2 
0x0942	0x0E00      	MOVLW       0
0x0944	0x2202      	ADDWFC      R2, 1 
0x0946	0x0E80      	MOVLW       128
0x0948	0x1802      	XORWF       R2, 0 
0x094A	0x6E00      	MOVWF       R0 
0x094C	0x0E80      	MOVLW       128
0x094E	0x5C00      	SUBWF       R0, 0 
0x0950	0xE102      	BNZ         L__FloatToStr_FixLen428
0x0952	0x5059      	MOVF        FARG_FloatToStr_FixLen_len, 0 
0x0954	0x5C01      	SUBWF       R1, 0 
L__FloatToStr_FixLen428:
0x0956	0xE20A      	BC          L_FloatToStr_FixLen135
0x0958	0xFFE1C057  	MOVFF       FARG_FloatToStr_FixLen_str, FSR1L
0x095C	0xFFE2C058  	MOVFF       FARG_FloatToStr_FixLen_str+1, FSR1H
0x0960	0x0E30      	MOVLW       48
0x0962	0x6EE6      	MOVWF       POSTINC1 
0x0964	0x4A57      	INFSNZ      FARG_FloatToStr_FixLen_str, 1 
0x0966	0x2A58      	INCF        FARG_FloatToStr_FixLen_str+1, 1 
0x0968	0x2A61      	INCF        FloatToStr_FixLen_j_L0, 1 
0x096A	0xD7E7      	BRA         L_FloatToStr_FixLen134
L_FloatToStr_FixLen135:
0x096C	0x5064      	MOVF        FloatToStr_FixLen_dexpon_L0, 0 
0x096E	0x0A00      	XORLW       0
0x0970	0xE041      	BZ          L_FloatToStr_FixLen136
0x0972	0xFFE1C057  	MOVFF       FARG_FloatToStr_FixLen_str, FSR1L
0x0976	0xFFE2C058  	MOVFF       FARG_FloatToStr_FixLen_str+1, FSR1H
0x097A	0x0E65      	MOVLW       101
0x097C	0x6EE6      	MOVWF       POSTINC1 
0x097E	0x4A57      	INFSNZ      FARG_FloatToStr_FixLen_str, 1 
0x0980	0x2A58      	INCF        FARG_FloatToStr_FixLen_str+1, 1 
0x0982	0x0E80      	MOVLW       128
0x0984	0x1864      	XORWF       FloatToStr_FixLen_dexpon_L0, 0 
0x0986	0x6E00      	MOVWF       R0 
0x0988	0x0E80      	MOVLW       128
0x098A	0x0A00      	XORLW       0
0x098C	0x5C00      	SUBWF       R0, 0 
0x098E	0xE20B      	BC          L_FloatToStr_FixLen137
0x0990	0xFFE1C057  	MOVFF       FARG_FloatToStr_FixLen_str, FSR1L
0x0994	0xFFE2C058  	MOVFF       FARG_FloatToStr_FixLen_str+1, FSR1H
0x0998	0x0E2D      	MOVLW       45
0x099A	0x6EE6      	MOVWF       POSTINC1 
0x099C	0x4A57      	INFSNZ      FARG_FloatToStr_FixLen_str, 1 
0x099E	0x2A58      	INCF        FARG_FloatToStr_FixLen_str+1, 1 
0x09A0	0x5064      	MOVF        FloatToStr_FixLen_dexpon_L0, 0 
0x09A2	0x0800      	SUBLW       0
0x09A4	0x6E64      	MOVWF       FloatToStr_FixLen_dexpon_L0 
L_FloatToStr_FixLen137:
0x09A6	0xF05BC064  	MOVFF       FloatToStr_FixLen_dexpon_L0, FloatToStr_FixLen_d_L0
0x09AA	0x0E80      	MOVLW       128
0x09AC	0x0A09      	XORLW       9
0x09AE	0x6E00      	MOVWF       R0 
0x09B0	0x0E80      	MOVLW       128
0x09B2	0x1864      	XORWF       FloatToStr_FixLen_dexpon_L0, 0 
0x09B4	0x5C00      	SUBWF       R0, 0 
0x09B6	0xE20E      	BC          L_FloatToStr_FixLen138
0x09B8	0x0E0A      	MOVLW       10
0x09BA	0x6E04      	MOVWF       R4 
0x09BC	0xF000C05B  	MOVFF       FloatToStr_FixLen_d_L0, R0
0x09C0	0xDD04      	RCALL       _Div_8X8_S
0x09C2	0xFFE1C057  	MOVFF       FARG_FloatToStr_FixLen_str, FSR1L
0x09C6	0xFFE2C058  	MOVFF       FARG_FloatToStr_FixLen_str+1, FSR1H
0x09CA	0x5000      	MOVF        R0, 0 
0x09CC	0x0F30      	ADDLW       48
0x09CE	0x6EE6      	MOVWF       POSTINC1 
0x09D0	0x4A57      	INFSNZ      FARG_FloatToStr_FixLen_str, 1 
0x09D2	0x2A58      	INCF        FARG_FloatToStr_FixLen_str+1, 1 
L_FloatToStr_FixLen138:
0x09D4	0x0E0A      	MOVLW       10
0x09D6	0x6E04      	MOVWF       R4 
0x09D8	0xF000C05B  	MOVFF       FloatToStr_FixLen_d_L0, R0
0x09DC	0xDCF6      	RCALL       _Div_8X8_S
0x09DE	0xF000C008  	MOVFF       R8, R0
0x09E2	0xFFE1C057  	MOVFF       FARG_FloatToStr_FixLen_str, FSR1L
0x09E6	0xFFE2C058  	MOVFF       FARG_FloatToStr_FixLen_str+1, FSR1H
0x09EA	0x5000      	MOVF        R0, 0 
0x09EC	0x0F30      	ADDLW       48
0x09EE	0x6EE6      	MOVWF       POSTINC1 
0x09F0	0x4A57      	INFSNZ      FARG_FloatToStr_FixLen_str, 1 
0x09F2	0x2A58      	INCF        FARG_FloatToStr_FixLen_str+1, 1 
L_FloatToStr_FixLen136:
0x09F4	0x5062      	MOVF        FloatToStr_FixLen_eksp_L0, 0 
0x09F6	0x2461      	ADDWF       FloatToStr_FixLen_j_L0, 0 
0x09F8	0x6E00      	MOVWF       R0 
0x09FA	0xF061C000  	MOVFF       R0, FloatToStr_FixLen_j_L0
0x09FE	0x5059      	MOVF        FARG_FloatToStr_FixLen_len, 0 
0x0A00	0x5C00      	SUBWF       R0, 0 
0x0A02	0x6E01      	MOVWF       R1 
0x0A04	0xF05BC001  	MOVFF       R1, FloatToStr_FixLen_d_L0
0x0A08	0x0E80      	MOVLW       128
0x0A0A	0x0A00      	XORLW       0
0x0A0C	0x6E00      	MOVWF       R0 
0x0A0E	0x0E80      	MOVLW       128
0x0A10	0x1801      	XORWF       R1, 0 
0x0A12	0x5C00      	SUBWF       R0, 0 
0x0A14	0xE20E      	BC          L_FloatToStr_FixLen139
L_FloatToStr_FixLen140:
0x0A16	0x0E80      	MOVLW       128
0x0A18	0x0A00      	XORLW       0
0x0A1A	0x6E00      	MOVWF       R0 
0x0A1C	0x0E80      	MOVLW       128
0x0A1E	0x185B      	XORWF       FloatToStr_FixLen_d_L0, 0 
0x0A20	0x5C00      	SUBWF       R0, 0 
0x0A22	0xE206      	BC          L_FloatToStr_FixLen141
0x0A24	0x065B      	DECF        FloatToStr_FixLen_d_L0, 1 
0x0A26	0x0E01      	MOVLW       1
0x0A28	0x5E57      	SUBWF       FARG_FloatToStr_FixLen_str, 1 
0x0A2A	0x0E00      	MOVLW       0
0x0A2C	0x5A58      	SUBWFB      FARG_FloatToStr_FixLen_str+1, 1 
0x0A2E	0xD7F3      	BRA         L_FloatToStr_FixLen140
L_FloatToStr_FixLen141:
0x0A30	0xD018      	BRA         L_FloatToStr_FixLen142
L_FloatToStr_FixLen139:
0x0A32	0x0E80      	MOVLW       128
0x0A34	0x185B      	XORWF       FloatToStr_FixLen_d_L0, 0 
0x0A36	0x6E00      	MOVWF       R0 
0x0A38	0x0E80      	MOVLW       128
0x0A3A	0x0A00      	XORLW       0
0x0A3C	0x5C00      	SUBWF       R0, 0 
0x0A3E	0xE211      	BC          L_FloatToStr_FixLen143
L_FloatToStr_FixLen144:
0x0A40	0x0E80      	MOVLW       128
0x0A42	0x185B      	XORWF       FloatToStr_FixLen_d_L0, 0 
0x0A44	0x6E00      	MOVWF       R0 
0x0A46	0x0E80      	MOVLW       128
0x0A48	0x0A00      	XORLW       0
0x0A4A	0x5C00      	SUBWF       R0, 0 
0x0A4C	0xE20A      	BC          L_FloatToStr_FixLen145
0x0A4E	0x2A5B      	INCF        FloatToStr_FixLen_d_L0, 1 
0x0A50	0xFFE1C057  	MOVFF       FARG_FloatToStr_FixLen_str, FSR1L
0x0A54	0xFFE2C058  	MOVFF       FARG_FloatToStr_FixLen_str+1, FSR1H
0x0A58	0x0E30      	MOVLW       48
0x0A5A	0x6EE6      	MOVWF       POSTINC1 
0x0A5C	0x4A57      	INFSNZ      FARG_FloatToStr_FixLen_str, 1 
0x0A5E	0x2A58      	INCF        FARG_FloatToStr_FixLen_str+1, 1 
0x0A60	0xD7EF      	BRA         L_FloatToStr_FixLen144
L_FloatToStr_FixLen145:
L_FloatToStr_FixLen143:
L_FloatToStr_FixLen142:
0x0A62	0xFFE1C057  	MOVFF       FARG_FloatToStr_FixLen_str, FSR1L
0x0A66	0xFFE2C058  	MOVFF       FARG_FloatToStr_FixLen_str+1, FSR1H
0x0A6A	0x6AE6      	CLRF        POSTINC1 
0x0A6C	0x6A00      	CLRF        R0 
L_end_FloatToStr_FixLen:
0x0A6E	0x0012      	RETURN      0
; end of _FloatToStr_FixLen
___CC2DW:
_CC2DL_Loop1:
0x0A70	0x0009      	TBLRD*+
0x0A72	0xFFE6CFF5  	MOVFF       TABLAT, POSTINC1
0x0A76	0x0600      	DECF        R0, 1, 0
0x0A78	0xE1FB      	BNZ         _CC2DL_Loop1
0x0A7A	0x0601      	DECF        R1, 1, 0
0x0A7C	0xE1F9      	BNZ         _CC2DL_Loop1
L_end___CC2DW:
0x0A7E	0x0012      	RETURN      0
; end of ___CC2DW
_word2double:
0x0A80	0x5000      	MOVF        R0, 0, 0
0x0A82	0x6E08      	MOVWF       R8, 0
0x0A84	0x5001      	MOVF        R1, 0, 0
0x0A86	0x6E00      	MOVWF       R0, 0
0x0A88	0x6A01      	CLRF        R1, 0
0x0A8A	0x6A02      	CLRF        R2, 0
0x0A8C	0x6A03      	CLRF        R3, 0
0x0A8E	0x6A0B      	CLRF        R11, 0
0x0A90	0x6A0C      	CLRF        R12, 0
0x0A92	0x0E96      	MOVLW       150
0x0A94	0x6E03      	MOVWF       R3, 0
0x0A96	0x6A0A      	CLRF        R10, 0
0x0A98	0xF001C000  	MOVFF       R0, R1
0x0A9C	0xF000C008  	MOVFF       R8, R0
0x0AA0	0x6A08      	CLRF        R8, 0
0x0AA2	0x6A02      	CLRF        R2, 0
0x0AA4	0xF000EC8F  	CALL        _NRM3232, 0
L_end_word2double:
0x0AA8	0x0012      	RETURN      0
; end of _word2double
_fan_circulation:
0x0AAA	0xA482      	BTFSS       PORTC, 2 
0x0AAC	0xD012      	BRA         L_fan_circulation6
0x0AAE	0xA082      	BTFSS       PORTC, 0 
0x0AB0	0xD010      	BRA         L_fan_circulation6
L__fan_circulation26:
0x0AB2	0x0E02      	MOVLW       2
0x0AB4	0x6E82      	MOVWF       PORTC 
0x0AB6	0x0E02      	MOVLW       2
0x0AB8	0x6E0B      	MOVWF       R11, 0
0x0ABA	0x0E04      	MOVLW       4
0x0ABC	0x6E0C      	MOVWF       R12, 0
0x0ABE	0x0EBA      	MOVLW       186
0x0AC0	0x6E0D      	MOVWF       R13, 0
L_fan_circulation7:
0x0AC2	0x2E0D      	DECFSZ      R13, 1, 0
0x0AC4	0xD7FE      	BRA         L_fan_circulation7
0x0AC6	0x2E0C      	DECFSZ      R12, 1, 0
0x0AC8	0xD7FC      	BRA         L_fan_circulation7
0x0ACA	0x2E0B      	DECFSZ      R11, 1, 0
0x0ACC	0xD7FA      	BRA         L_fan_circulation7
0x0ACE	0x0000      	NOP
0x0AD0	0xD03B      	BRA         L_fan_circulation8
L_fan_circulation6:
0x0AD2	0xA482      	BTFSS       PORTC, 2 
0x0AD4	0xD012      	BRA         L_fan_circulation11
0x0AD6	0xA682      	BTFSS       PORTC, 3 
0x0AD8	0xD010      	BRA         L_fan_circulation11
L__fan_circulation25:
0x0ADA	0x0E10      	MOVLW       16
0x0ADC	0x6E82      	MOVWF       PORTC 
0x0ADE	0x0E02      	MOVLW       2
0x0AE0	0x6E0B      	MOVWF       R11, 0
0x0AE2	0x0E04      	MOVLW       4
0x0AE4	0x6E0C      	MOVWF       R12, 0
0x0AE6	0x0EBA      	MOVLW       186
0x0AE8	0x6E0D      	MOVWF       R13, 0
L_fan_circulation12:
0x0AEA	0x2E0D      	DECFSZ      R13, 1, 0
0x0AEC	0xD7FE      	BRA         L_fan_circulation12
0x0AEE	0x2E0C      	DECFSZ      R12, 1, 0
0x0AF0	0xD7FC      	BRA         L_fan_circulation12
0x0AF2	0x2E0B      	DECFSZ      R11, 1, 0
0x0AF4	0xD7FA      	BRA         L_fan_circulation12
0x0AF6	0x0000      	NOP
0x0AF8	0xD027      	BRA         L_fan_circulation13
L_fan_circulation11:
0x0AFA	0xB482      	BTFSC       PORTC, 2 
0x0AFC	0xD012      	BRA         L_fan_circulation16
0x0AFE	0xA282      	BTFSS       PORTC, 1 
0x0B00	0xD010      	BRA         L_fan_circulation16
L__fan_circulation24:
0x0B02	0x0E01      	MOVLW       1
0x0B04	0x6E82      	MOVWF       PORTC 
0x0B06	0x0E02      	MOVLW       2
0x0B08	0x6E0B      	MOVWF       R11, 0
0x0B0A	0x0E04      	MOVLW       4
0x0B0C	0x6E0C      	MOVWF       R12, 0
0x0B0E	0x0EBA      	MOVLW       186
0x0B10	0x6E0D      	MOVWF       R13, 0
L_fan_circulation17:
0x0B12	0x2E0D      	DECFSZ      R13, 1, 0
0x0B14	0xD7FE      	BRA         L_fan_circulation17
0x0B16	0x2E0C      	DECFSZ      R12, 1, 0
0x0B18	0xD7FC      	BRA         L_fan_circulation17
0x0B1A	0x2E0B      	DECFSZ      R11, 1, 0
0x0B1C	0xD7FA      	BRA         L_fan_circulation17
0x0B1E	0x0000      	NOP
0x0B20	0xD013      	BRA         L_fan_circulation18
L_fan_circulation16:
0x0B22	0xB482      	BTFSC       PORTC, 2 
0x0B24	0xD011      	BRA         L_fan_circulation21
0x0B26	0xA882      	BTFSS       PORTC, 4 
0x0B28	0xD00F      	BRA         L_fan_circulation21
L__fan_circulation23:
0x0B2A	0x0E08      	MOVLW       8
0x0B2C	0x6E82      	MOVWF       PORTC 
0x0B2E	0x0E02      	MOVLW       2
0x0B30	0x6E0B      	MOVWF       R11, 0
0x0B32	0x0E04      	MOVLW       4
0x0B34	0x6E0C      	MOVWF       R12, 0
0x0B36	0x0EBA      	MOVLW       186
0x0B38	0x6E0D      	MOVWF       R13, 0
L_fan_circulation22:
0x0B3A	0x2E0D      	DECFSZ      R13, 1, 0
0x0B3C	0xD7FE      	BRA         L_fan_circulation22
0x0B3E	0x2E0C      	DECFSZ      R12, 1, 0
0x0B40	0xD7FC      	BRA         L_fan_circulation22
0x0B42	0x2E0B      	DECFSZ      R11, 1, 0
0x0B44	0xD7FA      	BRA         L_fan_circulation22
0x0B46	0x0000      	NOP
L_fan_circulation21:
L_fan_circulation18:
L_fan_circulation13:
L_fan_circulation8:
L_end_fan_circulation:
0x0B48	0x0012      	RETURN      0
; end of _fan_circulation
_ADC_Read:
0x0B4A	0x6AC2      	CLRF        ADCON0 
0x0B4C	0x0EC0      	MOVLW       192
0x0B4E	0x12C2      	IORWF       ADCON0, 1 
0x0B50	0x1C1B      	COMF        _vref_mask, 0 
0x0B52	0x6E00      	MOVWF       R0 
0x0B54	0x5000      	MOVF        R0, 0 
0x0B56	0x16C1      	ANDWF       ADCON1, 1 
0x0B58	0x8CC1      	BSF         ADCON1, 6 
0x0B5A	0x8EC1      	BSF         ADCON1, 7 
0x0B5C	0xF000C053  	MOVFF       FARG_ADC_Read_channel, R0
0x0B60	0x3600      	RLCF        R0, 1 
0x0B62	0x9000      	BCF         R0, 0 
0x0B64	0x3600      	RLCF        R0, 1 
0x0B66	0x9000      	BCF         R0, 0 
0x0B68	0x3600      	RLCF        R0, 1 
0x0B6A	0x9000      	BCF         R0, 0 
0x0B6C	0x5000      	MOVF        R0, 0 
0x0B6E	0x12C2      	IORWF       ADCON0, 1 
0x0B70	0x80C2      	BSF         ADCON0, 0 
0x0B72	0xF000EC89  	CALL        _Delay_22us, 0
0x0B76	0x84C2      	BSF         ADCON0, 2 
L_ADC_Read2:
0x0B78	0xA4C2      	BTFSS       ADCON0, 2 
0x0B7A	0xD001      	BRA         L_ADC_Read3
0x0B7C	0xD7FD      	BRA         L_ADC_Read2
L_ADC_Read3:
0x0B7E	0xF001CFC4  	MOVFF       ADRESH, R1
0x0B82	0x6A00      	CLRF        R0 
0x0B84	0x50C3      	MOVF        ADRESL, 0 
0x0B86	0x1200      	IORWF       R0, 1 
0x0B88	0x0E00      	MOVLW       0
0x0B8A	0x1201      	IORWF       R1, 1 
0x0B8C	0x90C2      	BCF         ADCON0, 0 
L_end_ADC_Read:
0x0B8E	0x0012      	RETURN      0
; end of _ADC_Read
_LCD_In:
0x0B90	0xDC6B      	RCALL       _Lcd_Init
0x0B92	0x0E01      	MOVLW       1
0x0B94	0x6E69      	MOVWF       FARG_Lcd_Cmd_out_char 
0x0B96	0xF000EC39  	CALL        _Lcd_Cmd, 0
0x0B9A	0x0E0C      	MOVLW       12
0x0B9C	0x6E69      	MOVWF       FARG_Lcd_Cmd_out_char 
0x0B9E	0xF000EC39  	CALL        _Lcd_Cmd, 0
0x0BA2	0x0E01      	MOVLW       1
0x0BA4	0x6E53      	MOVWF       FARG_Lcd_Out_row 
0x0BA6	0x0E01      	MOVLW       1
0x0BA8	0x6E54      	MOVWF       FARG_Lcd_Out_column 
0x0BAA	0x0E54      	MOVLW       84
0x0BAC	0x6E25      	MOVWF       ?lstr1_temp 
0x0BAE	0x0E65      	MOVLW       101
0x0BB0	0x6E26      	MOVWF       ?lstr1_temp+1 
0x0BB2	0x0E6D      	MOVLW       109
0x0BB4	0x6E27      	MOVWF       ?lstr1_temp+2 
0x0BB6	0x0E70      	MOVLW       112
0x0BB8	0x6E28      	MOVWF       ?lstr1_temp+3 
0x0BBA	0x0E3A      	MOVLW       58
0x0BBC	0x6E29      	MOVWF       ?lstr1_temp+4 
0x0BBE	0x6A2A      	CLRF        ?lstr1_temp+5 
0x0BC0	0x0E25      	MOVLW       ?lstr1_temp
0x0BC2	0x6E55      	MOVWF       FARG_Lcd_Out_text 
0x0BC4	0x0E00      	MOVLW       hi_addr(?lstr1_temp)
0x0BC6	0x6E56      	MOVWF       FARG_Lcd_Out_text+1 
0x0BC8	0xDC9A      	RCALL       _Lcd_Out
L_end_LCD_In:
0x0BCA	0x0012      	RETURN      0
; end of _LCD_In
_motor_init:
0x0BCC	0x0E03      	MOVLW       3
0x0BCE	0x6EC1      	MOVWF       ADCON1 
0x0BD0	0x0E04      	MOVLW       4
0x0BD2	0x6E94      	MOVWF       TRISC 
0x0BD4	0x8292      	BSF         TRISA, 1 
L_end_motor_init:
0x0BD6	0x0012      	RETURN      0
; end of _motor_init
_Temp_init:
0x0BD8	0x6A95      	CLRF        TRISD 
0x0BDA	0x0EFF      	MOVLW       255
0x0BDC	0x6E92      	MOVWF       TRISA 
0x0BDE	0x6A96      	CLRF        TRISE 
L_end_Temp_init:
0x0BE0	0x0012      	RETURN      0
; end of _Temp_init
_Temp_Read:
0x0BE2	0xF053C025  	MOVFF       FARG_Temp_Read_ADC_pin, FARG_ADC_Read_channel
0x0BE6	0xDFB1      	RCALL       _ADC_Read
0x0BE8	0xDF4B      	RCALL       _word2double
0x0BEA	0x0E00      	MOVLW       0
0x0BEC	0x6E04      	MOVWF       R4 
0x0BEE	0x0E00      	MOVLW       0
0x0BF0	0x6E05      	MOVWF       R5 
0x0BF2	0x0E7A      	MOVLW       122
0x0BF4	0x6E06      	MOVWF       R6 
0x0BF6	0x0E7D      	MOVLW       125
0x0BF8	0x6E07      	MOVWF       R7 
0x0BFA	0xF000ECC8  	CALL        _Mul_32x32_FP, 0
0x0BFE	0xF027C000  	MOVFF       R0, Temp_Read_Temp_reading_L0
0x0C02	0xF028C001  	MOVFF       R1, Temp_Read_Temp_reading_L0+1
0x0C06	0xF029C002  	MOVFF       R2, Temp_Read_Temp_reading_L0+2
0x0C0A	0xF02AC003  	MOVFF       R3, Temp_Read_Temp_reading_L0+3
0x0C0E	0xF053C000  	MOVFF       R0, FARG_FloatToStr_FixLen_fnum
0x0C12	0xF054C001  	MOVFF       R1, FARG_FloatToStr_FixLen_fnum+1
0x0C16	0xF055C002  	MOVFF       R2, FARG_FloatToStr_FixLen_fnum+2
0x0C1A	0xF056C003  	MOVFF       R3, FARG_FloatToStr_FixLen_fnum+3
0x0C1E	0x0E2B      	MOVLW       Temp_Read_temp_txt_L0
0x0C20	0x6E57      	MOVWF       FARG_FloatToStr_FixLen_str 
0x0C22	0x0E00      	MOVLW       hi_addr(Temp_Read_temp_txt_L0)
0x0C24	0x6E58      	MOVWF       FARG_FloatToStr_FixLen_str+1 
0x0C26	0x0E04      	MOVLW       4
0x0C28	0x6E59      	MOVWF       FARG_FloatToStr_FixLen_len 
0x0C2A	0xDCA6      	RCALL       _FloatToStr_FixLen
0x0C2C	0x0E01      	MOVLW       1
0x0C2E	0x6E53      	MOVWF       FARG_Lcd_Out_row 
0x0C30	0x0E06      	MOVLW       6
0x0C32	0x6E54      	MOVWF       FARG_Lcd_Out_column 
0x0C34	0x0E2B      	MOVLW       Temp_Read_temp_txt_L0
0x0C36	0x6E55      	MOVWF       FARG_Lcd_Out_text 
0x0C38	0x0E00      	MOVLW       hi_addr(Temp_Read_temp_txt_L0)
0x0C3A	0x6E56      	MOVWF       FARG_Lcd_Out_text+1 
0x0C3C	0xDC60      	RCALL       _Lcd_Out
0x0C3E	0x0E01      	MOVLW       1
0x0C40	0x6E53      	MOVWF       FARG_Lcd_Out_row 
0x0C42	0x0E0C      	MOVLW       12
0x0C44	0x6E54      	MOVWF       FARG_Lcd_Out_column 
0x0C46	0x0E54      	MOVLW       84
0x0C48	0x6E30      	MOVWF       ?lstr2_temp 
0x0C4A	0x0E65      	MOVLW       101
0x0C4C	0x6E31      	MOVWF       ?lstr2_temp+1 
0x0C4E	0x0E61      	MOVLW       97
0x0C50	0x6E32      	MOVWF       ?lstr2_temp+2 
0x0C52	0x0E6D      	MOVLW       109
0x0C54	0x6E33      	MOVWF       ?lstr2_temp+3 
0x0C56	0x0E33      	MOVLW       51
0x0C58	0x6E34      	MOVWF       ?lstr2_temp+4 
0x0C5A	0x6A35      	CLRF        ?lstr2_temp+5 
0x0C5C	0x0E30      	MOVLW       ?lstr2_temp
0x0C5E	0x6E55      	MOVWF       FARG_Lcd_Out_text 
0x0C60	0x0E00      	MOVLW       hi_addr(?lstr2_temp)
0x0C62	0x6E56      	MOVWF       FARG_Lcd_Out_text+1 
0x0C64	0xDC4C      	RCALL       _Lcd_Out
0x0C66	0xF000C027  	MOVFF       Temp_Read_Temp_reading_L0, R0
0x0C6A	0xF001C028  	MOVFF       Temp_Read_Temp_reading_L0+1, R1
0x0C6E	0xF002C029  	MOVFF       Temp_Read_Temp_reading_L0+2, R2
0x0C72	0xF003C02A  	MOVFF       Temp_Read_Temp_reading_L0+3, R3
L_end_Temp_Read:
0x0C76	0x0012      	RETURN      0
; end of _Temp_Read
_Display_Temp:
0x0C78	0xF004C025  	MOVFF       FARG_Display_Temp_Temp_reading, R4
0x0C7C	0xF005C026  	MOVFF       FARG_Display_Temp_Temp_reading+1, R5
0x0C80	0xF006C027  	MOVFF       FARG_Display_Temp_Temp_reading+2, R6
0x0C84	0xF007C028  	MOVFF       FARG_Display_Temp_Temp_reading+3, R7
0x0C88	0x0E00      	MOVLW       0
0x0C8A	0x6E00      	MOVWF       R0 
0x0C8C	0x0E00      	MOVLW       0
0x0C8E	0x6E01      	MOVWF       R1 
0x0C90	0x0E0C      	MOVLW       12
0x0C92	0x6E02      	MOVWF       R2 
0x0C94	0x0E84      	MOVLW       132
0x0C96	0x6E03      	MOVWF       R3 
0x0C98	0xF001EC7E  	CALL        _Compare_Double, 0
0x0C9C	0x0E01      	MOVLW       1
0x0C9E	0xB0D8      	BTFSC       STATUS, 0 
0x0CA0	0x0E00      	MOVLW       0
0x0CA2	0x6E00      	MOVWF       R0 
0x0CA4	0x5200      	MOVF        R0, 1 
0x0CA6	0xE019      	BZ          L_Display_Temp0
0x0CA8	0x0E02      	MOVLW       2
0x0CAA	0x6E53      	MOVWF       FARG_Lcd_Out_row 
0x0CAC	0x0E01      	MOVLW       1
0x0CAE	0x6E54      	MOVWF       FARG_Lcd_Out_column 
0x0CB0	0x0E2E      	MOVLW       ?ICS?lstr3_temp
0x0CB2	0x6EF6      	MOVWF       TBLPTRL 
0x0CB4	0x0E0E      	MOVLW       hi_addr(?ICS?lstr3_temp)
0x0CB6	0x6EF7      	MOVWF       TBLPTRL+1 
0x0CB8	0x0E00      	MOVLW       higher_addr(?ICS?lstr3_temp)
0x0CBA	0x6EF8      	MOVWF       TBLPTRL+2 
0x0CBC	0x0E29      	MOVLW       ?lstr3_temp
0x0CBE	0x6EE1      	MOVWF       FSR1L 
0x0CC0	0x0E00      	MOVLW       hi_addr(?lstr3_temp)
0x0CC2	0x6EE2      	MOVWF       FSR1L+1 
0x0CC4	0x0E12      	MOVLW       18
0x0CC6	0x6E00      	MOVWF       R0 
0x0CC8	0x0E01      	MOVLW       1
0x0CCA	0x6E01      	MOVWF       R1 
0x0CCC	0xDED1      	RCALL       ___CC2DW
0x0CCE	0x0E29      	MOVLW       ?lstr3_temp
0x0CD0	0x6E55      	MOVWF       FARG_Lcd_Out_text 
0x0CD2	0x0E00      	MOVLW       hi_addr(?lstr3_temp)
0x0CD4	0x6E56      	MOVWF       FARG_Lcd_Out_text+1 
0x0CD6	0xDC13      	RCALL       _Lcd_Out
0x0CD8	0xD04B      	BRA         L_Display_Temp1
L_Display_Temp0:
0x0CDA	0xF004C025  	MOVFF       FARG_Display_Temp_Temp_reading, R4
0x0CDE	0xF005C026  	MOVFF       FARG_Display_Temp_Temp_reading+1, R5
0x0CE2	0xF006C027  	MOVFF       FARG_Display_Temp_Temp_reading+2, R6
0x0CE6	0xF007C028  	MOVFF       FARG_Display_Temp_Temp_reading+3, R7
0x0CEA	0x0E00      	MOVLW       0
0x0CEC	0x6E00      	MOVWF       R0 
0x0CEE	0x0E00      	MOVLW       0
0x0CF0	0x6E01      	MOVWF       R1 
0x0CF2	0x0E70      	MOVLW       112
0x0CF4	0x6E02      	MOVWF       R2 
0x0CF6	0x0E83      	MOVLW       131
0x0CF8	0x6E03      	MOVWF       R3 
0x0CFA	0xF001EC7E  	CALL        _Compare_Double, 0
0x0CFE	0x0E00      	MOVLW       0
0x0D00	0xB0D8      	BTFSC       STATUS, 0 
0x0D02	0x0E01      	MOVLW       1
0x0D04	0x6E00      	MOVWF       R0 
0x0D06	0x5200      	MOVF        R0, 1 
0x0D08	0xE01A      	BZ          L_Display_Temp2
0x0D0A	0x0E02      	MOVLW       2
0x0D0C	0x6E53      	MOVWF       FARG_Lcd_Out_row 
0x0D0E	0x0E01      	MOVLW       1
0x0D10	0x6E54      	MOVWF       FARG_Lcd_Out_column 
0x0D12	0x0E40      	MOVLW       ?ICS?lstr4_temp
0x0D14	0x6EF6      	MOVWF       TBLPTRL 
0x0D16	0x0E0E      	MOVLW       hi_addr(?ICS?lstr4_temp)
0x0D18	0x6EF7      	MOVWF       TBLPTRL+1 
0x0D1A	0x0E00      	MOVLW       higher_addr(?ICS?lstr4_temp)
0x0D1C	0x6EF8      	MOVWF       TBLPTRL+2 
0x0D1E	0x0E3B      	MOVLW       ?lstr4_temp
0x0D20	0x6EE1      	MOVWF       FSR1L 
0x0D22	0x0E00      	MOVLW       hi_addr(?lstr4_temp)
0x0D24	0x6EE2      	MOVWF       FSR1L+1 
0x0D26	0x0E10      	MOVLW       16
0x0D28	0x6E00      	MOVWF       R0 
0x0D2A	0x0E01      	MOVLW       1
0x0D2C	0x6E01      	MOVWF       R1 
0x0D2E	0xDEA0      	RCALL       ___CC2DW
0x0D30	0x0E3B      	MOVLW       ?lstr4_temp
0x0D32	0x6E55      	MOVWF       FARG_Lcd_Out_text 
0x0D34	0x0E00      	MOVLW       hi_addr(?lstr4_temp)
0x0D36	0x6E56      	MOVWF       FARG_Lcd_Out_text+1 
0x0D38	0xF002EC7F  	CALL        _Lcd_Out, 0
0x0D3C	0xD019      	BRA         L_Display_Temp3
L_Display_Temp2:
0x0D3E	0x0E02      	MOVLW       2
0x0D40	0x6E53      	MOVWF       FARG_Lcd_Out_row 
0x0D42	0x0E01      	MOVLW       1
0x0D44	0x6E54      	MOVWF       FARG_Lcd_Out_column 
0x0D46	0x0E52      	MOVLW       82
0x0D48	0x6E4B      	MOVWF       ?lstr5_temp 
0x0D4A	0x0E65      	MOVLW       101
0x0D4C	0x6E4C      	MOVWF       ?lstr5_temp+1 
0x0D4E	0x0E61      	MOVLW       97
0x0D50	0x6E4D      	MOVWF       ?lstr5_temp+2 
0x0D52	0x0E63      	MOVLW       99
0x0D54	0x6E4E      	MOVWF       ?lstr5_temp+3 
0x0D56	0x0E68      	MOVLW       104
0x0D58	0x6E4F      	MOVWF       ?lstr5_temp+4 
0x0D5A	0x0E65      	MOVLW       101
0x0D5C	0x6E50      	MOVWF       ?lstr5_temp+5 
0x0D5E	0x0E64      	MOVLW       100
0x0D60	0x6E51      	MOVWF       ?lstr5_temp+6 
0x0D62	0x6A52      	CLRF        ?lstr5_temp+7 
0x0D64	0x0E4B      	MOVLW       ?lstr5_temp
0x0D66	0x6E55      	MOVWF       FARG_Lcd_Out_text 
0x0D68	0x0E00      	MOVLW       hi_addr(?lstr5_temp)
0x0D6A	0x6E56      	MOVWF       FARG_Lcd_Out_text+1 
0x0D6C	0xF002EC7F  	CALL        _Lcd_Out, 0
L_Display_Temp3:
L_Display_Temp1:
L_end_Display_Temp:
0x0D70	0x0012      	RETURN      0
; end of _Display_Temp
_fan_operation:
0x0D72	0xF004C025  	MOVFF       FARG_fan_operation_Temperature, R4
0x0D76	0xF005C026  	MOVFF       FARG_fan_operation_Temperature+1, R5
0x0D7A	0xF006C027  	MOVFF       FARG_fan_operation_Temperature+2, R6
0x0D7E	0xF007C028  	MOVFF       FARG_fan_operation_Temperature+3, R7
0x0D82	0x0E00      	MOVLW       0
0x0D84	0x6E00      	MOVWF       R0 
0x0D86	0x0E00      	MOVLW       0
0x0D88	0x6E01      	MOVWF       R1 
0x0D8A	0x0E0C      	MOVLW       12
0x0D8C	0x6E02      	MOVWF       R2 
0x0D8E	0x0E84      	MOVLW       132
0x0D90	0x6E03      	MOVWF       R3 
0x0D92	0xF001EC7E  	CALL        _Compare_Double, 0
0x0D96	0x0E01      	MOVLW       1
0x0D98	0xB0D8      	BTFSC       STATUS, 0 
0x0D9A	0x0E00      	MOVLW       0
0x0D9C	0x6E00      	MOVWF       R0 
0x0D9E	0x5200      	MOVF        R0, 1 
0x0DA0	0xE003      	BZ          L_fan_operation0
0x0DA2	0x8682      	BSF         PORTC, 3 
0x0DA4	0xDE82      	RCALL       _fan_circulation
0x0DA6	0xD01C      	BRA         L_fan_operation1
L_fan_operation0:
0x0DA8	0xF004C025  	MOVFF       FARG_fan_operation_Temperature, R4
0x0DAC	0xF005C026  	MOVFF       FARG_fan_operation_Temperature+1, R5
0x0DB0	0xF006C027  	MOVFF       FARG_fan_operation_Temperature+2, R6
0x0DB4	0xF007C028  	MOVFF       FARG_fan_operation_Temperature+3, R7
0x0DB8	0x0E00      	MOVLW       0
0x0DBA	0x6E00      	MOVWF       R0 
0x0DBC	0x0E00      	MOVLW       0
0x0DBE	0x6E01      	MOVWF       R1 
0x0DC0	0x0E70      	MOVLW       112
0x0DC2	0x6E02      	MOVWF       R2 
0x0DC4	0x0E83      	MOVLW       131
0x0DC6	0x6E03      	MOVWF       R3 
0x0DC8	0xF001EC7E  	CALL        _Compare_Double, 0
0x0DCC	0x0E00      	MOVLW       0
0x0DCE	0xB0D8      	BTFSC       STATUS, 0 
0x0DD0	0x0E01      	MOVLW       1
0x0DD2	0x6E00      	MOVWF       R0 
0x0DD4	0x5200      	MOVF        R0, 1 
0x0DD6	0xE003      	BZ          L_fan_operation2
0x0DD8	0x8082      	BSF         PORTC, 0 
0x0DDA	0xDE67      	RCALL       _fan_circulation
0x0DDC	0xD001      	BRA         L_fan_operation3
L_fan_operation2:
0x0DDE	0x6A82      	CLRF        PORTC 
L_fan_operation3:
L_fan_operation1:
L_end_fan_operation:
0x0DE0	0x0012      	RETURN      0
; end of _fan_operation
_main:
0x0DE2	0xF007EC32  	CALL        3684, 0
0x0DE6	0xDEF2      	RCALL       _motor_init
0x0DE8	0xDEF7      	RCALL       _Temp_init
0x0DEA	0xDED2      	RCALL       _LCD_In
L_main0:
0x0DEC	0x0E02      	MOVLW       2
0x0DEE	0x6E25      	MOVWF       FARG_Temp_Read_ADC_pin 
0x0DF0	0x0E00      	MOVLW       0
0x0DF2	0x6E26      	MOVWF       FARG_Temp_Read_ADC_pin+1 
0x0DF4	0xDEF6      	RCALL       _Temp_Read
0x0DF6	0xF021C000  	MOVFF       R0, _Temp_reading
0x0DFA	0xF022C001  	MOVFF       R1, _Temp_reading+1
0x0DFE	0xF023C002  	MOVFF       R2, _Temp_reading+2
0x0E02	0xF024C003  	MOVFF       R3, _Temp_reading+3
0x0E06	0xF025C000  	MOVFF       R0, FARG_Display_Temp_Temp_reading
0x0E0A	0xF026C001  	MOVFF       R1, FARG_Display_Temp_Temp_reading+1
0x0E0E	0xF027C002  	MOVFF       R2, FARG_Display_Temp_Temp_reading+2
0x0E12	0xF028C003  	MOVFF       R3, FARG_Display_Temp_Temp_reading+3
0x0E16	0xDF30      	RCALL       _Display_Temp
0x0E18	0xF025C021  	MOVFF       _Temp_reading, FARG_fan_operation_Temperature
0x0E1C	0xF026C022  	MOVFF       _Temp_reading+1, FARG_fan_operation_Temperature+1
0x0E20	0xF027C023  	MOVFF       _Temp_reading+2, FARG_fan_operation_Temperature+2
0x0E24	0xF028C024  	MOVFF       _Temp_reading+3, FARG_fan_operation_Temperature+3
0x0E28	0xDFA4      	RCALL       _fan_operation
0x0E2A	0xD7E0      	BRA         L_main0
L_end_main:
0x0E2C	0xD7FF      	BRA         $+0
; end of _main
0x0E64	0xF015EE10  	LFSR        1, 21
0x0E68	0x0E0B      	MOVLW       11
0x0E6A	0x6E00      	MOVWF       R0 
0x0E6C	0x0E01      	MOVLW       1
0x0E6E	0x6E01      	MOVWF       R1 
0x0E70	0x0E58      	MOVLW       88
0x0E72	0x6EF6      	MOVWF       TBLPTR 
0x0E74	0x0E0E      	MOVLW       14
0x0E76	0x6EF7      	MOVWF       TBLPTRH 
0x0E78	0x0E00      	MOVLW       0
0x0E7A	0x6EF8      	MOVWF       TBLPTRU 
0x0E7C	0xF005EC38  	CALL        2672, 0
0x0E80	0x0012      	RETURN      0
;temp.c,0 :: ?ICS?lstr3_temp
0x0E2E	0x6544 ;?ICS?lstr3_temp+0
0x0E30	0x7263 ;?ICS?lstr3_temp+2
0x0E32	0x6165 ;?ICS?lstr3_temp+4
0x0E34	0x6973 ;?ICS?lstr3_temp+6
0x0E36	0x676E ;?ICS?lstr3_temp+8
0x0E38	0x4620 ;?ICS?lstr3_temp+10
0x0E3A	0x4E41 ;?ICS?lstr3_temp+12
0x0E3C	0x464F ;?ICS?lstr3_temp+14
0x0E3E	0x0046 ;?ICS?lstr3_temp+16
; end of ?ICS?lstr3_temp
;temp.c,0 :: ?ICS?lstr4_temp
0x0E40	0x6E49 ;?ICS?lstr4_temp+0
0x0E42	0x7263 ;?ICS?lstr4_temp+2
0x0E44	0x6165 ;?ICS?lstr4_temp+4
0x0E46	0x6973 ;?ICS?lstr4_temp+6
0x0E48	0x676E ;?ICS?lstr4_temp+8
0x0E4A	0x4146 ;?ICS?lstr4_temp+10
0x0E4C	0x4F4E ;?ICS?lstr4_temp+12
0x0E4E	0x004E ;?ICS?lstr4_temp+14
; end of ?ICS?lstr4_temp
;temp.c,0 :: ?ICS?lstr5_temp
0x0E50	0x6552 ;?ICS?lstr5_temp+0
0x0E52	0x6361 ;?ICS?lstr5_temp+2
0x0E54	0x6568 ;?ICS?lstr5_temp+4
0x0E56	0x0064 ;?ICS?lstr5_temp+6
; end of ?ICS?lstr5_temp
;__Lib_Conversions.c,0 :: ?ICS?lstr5___Lib_Conversions
0x0E58	0x0030 ;?ICS?lstr5___Lib_Conversions+0
; end of ?ICS?lstr5___Lib_Conversions
;__Lib_Conversions.c,0 :: ?ICS?lstr6___Lib_Conversions
0x0E5A	0x4E49 ;?ICS?lstr6___Lib_Conversions+0
0x0E5C	0x0046 ;?ICS?lstr6___Lib_Conversions+2
; end of ?ICS?lstr6___Lib_Conversions
;__Lib_ADC_A_C.c,0 :: ?ICS_vref_mask
0x0E5E	0x0F ;?ICS_vref_mask+0
; end of ?ICS_vref_mask
;__Lib_Conversions.c,0 :: ?ICS?lstr4___Lib_Conversions
0x0E5F	0x614E ;?ICS?lstr4___Lib_Conversions+0
0x0E61	0x004E ;?ICS?lstr4___Lib_Conversions+2
; end of ?ICS?lstr4___Lib_Conversions
Symbol List:
//** Routines locations **
//ADDRESS    SIZE    PROCEDURE
//----------------------------------------------
0x001C      [22]    _Delay_5500us
0x0032       [6]    _Delay_1us
0x0038      [10]    _Delay_50us
0x0042      [14]    _RES032
0x0050      [26]    _SETFUN32
0x006A       [8]    _FIXSIGN32
0x0072     [124]    _Lcd_Cmd
0x00EE      [24]    _SETFOV32
0x0106      [12]    _Lcd_Chr_CP
0x0112      [12]    _Delay_22us
0x011E     [114]    _NRM3232
0x0190     [288]    _Mul_32x32_FP
0x02B0      [76]    _strcpy
0x02FC     [206]    _Compare_Double
0x03CA     [158]    _Div_8X8_S
0x0468     [150]    _Lcd_Init
0x04FE     [122]    _Lcd_Out
0x0578    [1272]    _FloatToStr_FixLen
0x0A70      [16]    ___CC2DW
0x0A80      [42]    _word2double
0x0AAA     [160]    _fan_circulation
0x0B4A      [70]    _ADC_Read
0x0B90      [60]    _LCD_In
0x0BCC      [12]    _motor_init
0x0BD8      [10]    _Temp_init
0x0BE2     [150]    _Temp_Read
0x0C78     [250]    _Display_Temp
0x0D72     [112]    _fan_operation
0x0DE2      [76]    _main
//** Variables locations ** 
//ADDRESS    SIZE    VARIABLE
//----------------------------------------------
0x0000       [1]    UART1_Init_tmp_L0
0x0000       [1]    R0
0x0001       [1]    __Lib_Conversions_Adjust_Hex_tmp_L0
0x0001       [1]    R1
0x0001       [1]    UART1_Read___tmp_UART1_Read_L0
0x0002       [2]    memset_pp_L0
0x0002       [2]    memcpy_dd_L0
0x0002       [1]    R2
0x0002       [2]    memchr_s_L0
0x0002       [2]    strlen_cp_L0
0x0003       [2]    memmove_tt_L0
0x0003       [1]    R3
0x0003       [2]    Ltrim_original_L0
0x0004       [2]    strncat_cp_L0
0x0004       [2]    strcat_cp_L0
0x0004       [2]    strncpy_cp_L0
0x0004       [1]    R4
0x0004       [2]    memcpy_ss_L0
0x0004       [2]    strcpy_cp_L0
0x0005       [2]    LongIntToHex_input_half_L0
0x0005       [2]    memmove_ff_L0
0x0005       [2]    LongWordToHex_input_half_L0
0x0005       [2]    Ltrim_p_L0
0x0005       [1]    R5
0x0006       [1]    R6
0x0007       [1]    R7
0x0008       [1]    R8
0x0009       [1]    R9
0x000A       [1]    R10
0x000B       [1]    R11
0x000C       [1]    R12
0x000D       [1]    R13
0x000E       [1]    R14
0x000F       [1]    R15
0x0010       [1]    R16
0x0011       [1]    R17
0x0012       [1]    R18
0x0013       [1]    R19
0x0014       [1]    R20
0x0015       [2]    ?lstr5___Lib_Conversions
0x0017       [4]    ?lstr6___Lib_Conversions
0x001B       [1]    _vref_mask
0x001C       [4]    ?lstr4___Lib_Conversions
0x0020       [0]    __Lib_Lcd_cmd_status
0x0021       [4]    _Temp_reading
0x0025       [6]    ?lstr1_temp
0x0025       [2]    FARG_Temp_Read_ADC_pin
0x0025       [4]    FARG_fan_operation_Temperature
0x0025       [4]    FARG_Display_Temp_Temp_reading
0x0027       [4]    Temp_Read_Temp_reading_L0
0x0029      [18]    ?lstr3_temp
0x002B       [5]    Temp_Read_temp_txt_L0
0x0030       [6]    ?lstr2_temp
0x003B      [16]    ?lstr4_temp
0x004B       [8]    ?lstr5_temp
0x0053       [1]    FARG_Lcd_Out_row
0x0053       [1]    FARG_ADC_Read_channel
0x0053       [4]    FARG_FloatToStr_FixLen_fnum
0x0054       [1]    FARG_Lcd_Out_column
0x0055       [2]    FARG_Lcd_Out_text
0x0057       [2]    FARG_FloatToStr_FixLen_str
0x0057       [1]    Lcd_Out_i_L0
0x0059       [1]    FARG_FloatToStr_FixLen_len
0x005A       [1]    FloatToStr_FixLen_i_L0
0x005B       [1]    FloatToStr_FixLen_d_L0
0x005C       [4]    FloatToStr_FixLen_un_L0
0x0060       [1]    FloatToStr_FixLen_bpoint_L0
0x0061       [1]    FloatToStr_FixLen_j_L0
0x0062       [1]    FloatToStr_FixLen_eksp_L0
0x0063       [1]    FloatToStr_FixLen_dec_L0
0x0064       [1]    FloatToStr_FixLen_dexpon_L0
0x0065       [1]    FARG_Lcd_Chr_CP_out_char
0x0065       [2]    FARG_strcpy_to
0x0067       [2]    FARG_strcpy_from
0x0069       [1]    FARG_Lcd_Cmd_out_char
0x0F82       [1]    PORTC
0x0F8C       [0]    LCD_D7
0x0F8C       [0]    LATD7_bit
0x0F8C       [0]    LCD_D4
0x0F8C       [0]    LCD_D5
0x0F8C       [0]    LCD_D6
0x0F8C       [0]    LATD6_bit
0x0F8C       [0]    LATD5_bit
0x0F8C       [0]    LATD4_bit
0x0F8D       [0]    LATE2_bit
0x0F8D       [0]    LATE1_bit
0x0F8D       [0]    LCD_EN
0x0F8D       [0]    LCD_RS
0x0F92       [1]    TRISA
0x0F94       [1]    TRISC
0x0F95       [1]    TRISD
0x0F95       [0]    TRISD7_bit
0x0F95       [0]    TRISD4_bit
0x0F95       [0]    LCD_D5_Direction
0x0F95       [0]    LCD_D4_Direction
0x0F95       [0]    LCD_D7_Direction
0x0F95       [0]    LCD_D6_Direction
0x0F95       [0]    TRISD6_bit
0x0F95       [0]    TRISD5_bit
0x0F96       [0]    TRISE2_bit
0x0F96       [0]    LCD_RS_Direction
0x0F96       [0]    LCD_EN_Direction
0x0F96       [1]    TRISE
0x0F96       [0]    TRISE1_bit
0x0FC1       [1]    ADCON1
0x0FC2       [1]    ADCON0
0x0FC3       [1]    ADRESL
0x0FC4       [1]    ADRESH
0x0FD8       [1]    STATUS
0x0FD9       [1]    FSR2L
0x0FDA       [1]    FSR2H
0x0FDE       [1]    POSTINC2
0x0FE0       [1]    BSR
0x0FE1       [1]    FSR1L
0x0FE2       [1]    FSR1H
0x0FE4       [1]    PREINC1
0x0FE6       [1]    POSTINC1
0x0FE7       [1]    INDF1
0x0FE8       [1]    WREG
0x0FE9       [1]    FSR0L
0x0FEA       [1]    FSR0H
0x0FEE       [1]    POSTINC0
0x0FF3       [1]    PRODL
0x0FF4       [1]    PRODH
0x0FF5       [1]    TABLAT
0x0FF6       [1]    TBLPTRL
0x0FF6       [3]    TBLPTR
0x0FF7       [1]    TBLPTRH
0x0FF8       [1]    TBLPTRU
//** Constants locations ** 
//ADDRESS    SIZE    CONSTANT
//----------------------------------------------
0x0E2E      [18]    ?ICS?lstr3_temp
0x0E40      [16]    ?ICS?lstr4_temp
0x0E50       [8]    ?ICS?lstr5_temp
0x0E58       [2]    ?ICS?lstr5___Lib_Conversions
0x0E5A       [4]    ?ICS?lstr6___Lib_Conversions
0x0E5E       [1]    ?ICS_vref_mask
0x0E5F       [4]    ?ICS?lstr4___Lib_Conversions
